# JRE version: Java(TM) SE Runtime Environment (8.0_181-b13) (build 1.8.0_181-b13)
# Java VM: Java HotSpot(TM) 64-Bit Server VM (25.181-b13 mixed mode windows-amd64 compressed oops)
Heap:
 PSYoungGen      total 415232K, used 341108K [0x000000076b700000, 0x0000000788600000, 0x00000007c0000000)
  eden space 369664K, 92% used [0x000000076b700000,0x000000078041d078,0x0000000782000000)
  from space 45568K, 0% used [0x0000000784c80000,0x0000000784c80000,0x0000000787900000)
  to   space 45568K, 0% used [0x0000000782000000,0x0000000782000000,0x0000000784c80000)
 ParOldGen       total 171520K, used 29775K [0x00000006c2400000, 0x00000006ccb80000, 0x000000076b700000)
  object space 171520K, 17% used [0x00000006c2400000,0x00000006c4113de8,0x00000006ccb80000)
 Metaspace       used 46134K, capacity 47432K, committed 47664K, reserved 1091584K
  class space    used 5362K, capacity 5620K, committed 5680K, reserved 1048576K
GC Heap History (10 events):
Event: 4.032 GC heap before
{Heap before GC invocations=8 (full 1):
 PSYoungGen      total 202240K, used 202239K [0x000000076b700000, 0x000000077a900000, 0x00000007c0000000)
  eden space 182272K, 100% used [0x000000076b700000,0x0000000776900000,0x0000000776900000)
  from space 19968K, 99% used [0x0000000778200000,0x000000077957fe28,0x0000000779580000)
  to   space 25600K, 0% used [0x0000000776900000,0x0000000776900000,0x0000000778200000)
 ParOldGen       total 121344K, used 29258K [0x00000006c2400000, 0x00000006c9a80000, 0x000000076b700000)
  object space 121344K, 24% used [0x00000006c2400000,0x00000006c4092908,0x00000006c9a80000)
 Metaspace       used 23854K, capacity 24440K, committed 24752K, reserved 1071104K
  class space    used 2791K, capacity 2967K, committed 2992K, reserved 1048576K
Event: 4.047 GC heap after
Heap after GC invocations=8 (full 1):
 PSYoungGen      total 207872K, used 25577K [0x000000076b700000, 0x0000000780b00000, 0x00000007c0000000)
  eden space 182272K, 0% used [0x000000076b700000,0x000000076b700000,0x0000000776900000)
  from space 25600K, 99% used [0x0000000776900000,0x00000007781fa538,0x0000000778200000)
  to   space 33792K, 0% used [0x000000077ea00000,0x000000077ea00000,0x0000000780b00000)
 ParOldGen       total 121344K, used 38494K [0x00000006c2400000, 0x00000006c9a80000, 0x000000076b700000)
  object space 121344K, 31% used [0x00000006c2400000,0x00000006c4997ba0,0x00000006c9a80000)
 Metaspace       used 23854K, capacity 24440K, committed 24752K, reserved 1071104K
  class space    used 2791K, capacity 2967K, committed 2992K, reserved 1048576K
}
Event: 4.388 GC heap before
{Heap before GC invocations=9 (full 1):
 PSYoungGen      total 207872K, used 207849K [0x000000076b700000, 0x0000000780b00000, 0x00000007c0000000)
  eden space 182272K, 100% used [0x000000076b700000,0x0000000776900000,0x0000000776900000)
  from space 25600K, 99% used [0x0000000776900000,0x00000007781fa538,0x0000000778200000)
  to   space 33792K, 0% used [0x000000077ea00000,0x000000077ea00000,0x0000000780b00000)
 ParOldGen       total 121344K, used 38494K [0x00000006c2400000, 0x00000006c9a80000, 0x000000076b700000)
  object space 121344K, 31% used [0x00000006c2400000,0x00000006c4997ba0,0x00000006c9a80000)
 Metaspace       used 23869K, capacity 24450K, committed 24752K, reserved 1071104K
  class space    used 2793K, capacity 2969K, committed 2992K, reserved 1048576K
Event: 4.406 GC heap after
Heap after GC invocations=9 (full 1):
 PSYoungGen      total 307200K, used 33790K [0x000000076b700000, 0x0000000782480000, 0x00000007c0000000)
  eden space 273408K, 0% used [0x000000076b700000,0x000000076b700000,0x000000077c200000)
  from space 33792K, 99% used [0x000000077ea00000,0x0000000780affbd0,0x0000000780b00000)
  to   space 40960K, 0% used [0x000000077c200000,0x000000077c200000,0x000000077ea00000)
 ParOldGen       total 121344K, used 43497K [0x00000006c2400000, 0x00000006c9a80000, 0x000000076b700000)
  object space 121344K, 35% used [0x00000006c2400000,0x00000006c4e7a580,0x00000006c9a80000)
 Metaspace       used 23869K, capacity 24450K, committed 24752K, reserved 1071104K
  class space    used 2793K, capacity 2969K, committed 2992K, reserved 1048576K
}
Event: 5.310 GC heap before
{Heap before GC invocations=10 (full 1):
 PSYoungGen      total 307200K, used 307198K [0x000000076b700000, 0x0000000782480000, 0x00000007c0000000)
  eden space 273408K, 100% used [0x000000076b700000,0x000000077c200000,0x000000077c200000)
  from space 33792K, 99% used [0x000000077ea00000,0x0000000780affbd0,0x0000000780b00000)
  to   space 40960K, 0% used [0x000000077c200000,0x000000077c200000,0x000000077ea00000)
 ParOldGen       total 121344K, used 43497K [0x00000006c2400000, 0x00000006c9a80000, 0x000000076b700000)
  object space 121344K, 35% used [0x00000006c2400000,0x00000006c4e7a580,0x00000006c9a80000)
 Metaspace       used 32848K, capacity 33434K, committed 33840K, reserved 1079296K
  class space    used 3874K, capacity 4043K, committed 4144K, reserved 1048576K
Event: 5.330 GC heap after
Heap after GC invocations=10 (full 1):
 PSYoungGen      total 314368K, used 37640K [0x000000076b700000, 0x0000000787900000, 0x00000007c0000000)
  eden space 273408K, 0% used [0x000000076b700000,0x000000076b700000,0x000000077c200000)
  from space 40960K, 91% used [0x000000077c200000,0x000000077e6c23f0,0x000000077ea00000)
  to   space 45568K, 0% used [0x0000000784c80000,0x0000000784c80000,0x0000000787900000)
 ParOldGen       total 121344K, used 47123K [0x00000006c2400000, 0x00000006c9a80000, 0x000000076b700000)
  object space 121344K, 38% used [0x00000006c2400000,0x00000006c5204c30,0x00000006c9a80000)
 Metaspace       used 32848K, capacity 33434K, committed 33840K, reserved 1079296K
  class space    used 3874K, capacity 4043K, committed 4144K, reserved 1048576K
}
Event: 5.394 GC heap before
{Heap before GC invocations=11 (full 1):
 PSYoungGen      total 314368K, used 54896K [0x000000076b700000, 0x0000000787900000, 0x00000007c0000000)
  eden space 273408K, 6% used [0x000000076b700000,0x000000076c7d9e88,0x000000077c200000)
  from space 40960K, 91% used [0x000000077c200000,0x000000077e6c23f0,0x000000077ea00000)
  to   space 45568K, 0% used [0x0000000784c80000,0x0000000784c80000,0x0000000787900000)
 ParOldGen       total 121344K, used 47123K [0x00000006c2400000, 0x00000006c9a80000, 0x000000076b700000)
  object space 121344K, 38% used [0x00000006c2400000,0x00000006c5204c30,0x00000006c9a80000)
 Metaspace       used 34552K, capacity 35194K, committed 35496K, reserved 1081344K
  class space    used 4110K, capacity 4331K, committed 4400K, reserved 1048576K
Event: 5.399 GC heap after
Heap after GC invocations=11 (full 1):
 PSYoungGen      total 415232K, used 10050K [0x000000076b700000, 0x0000000788600000, 0x00000007c0000000)
  eden space 369664K, 0% used [0x000000076b700000,0x000000076b700000,0x0000000782000000)
  from space 45568K, 22% used [0x0000000784c80000,0x0000000785650a28,0x0000000787900000)
  to   space 45568K, 0% used [0x0000000782000000,0x0000000782000000,0x0000000784c80000)
 ParOldGen       total 121344K, used 48852K [0x00000006c2400000, 0x00000006c9a80000, 0x000000076b700000)
  object space 121344K, 40% used [0x00000006c2400000,0x00000006c53b5250,0x00000006c9a80000)
 Metaspace       used 34552K, capacity 35194K, committed 35496K, reserved 1081344K
  class space    used 4110K, capacity 4331K, committed 4400K, reserved 1048576K
}
Event: 5.399 GC heap before
{Heap before GC invocations=12 (full 2):
 PSYoungGen      total 415232K, used 10050K [0x000000076b700000, 0x0000000788600000, 0x00000007c0000000)
  eden space 369664K, 0% used [0x000000076b700000,0x000000076b700000,0x0000000782000000)
  from space 45568K, 22% used [0x0000000784c80000,0x0000000785650a28,0x0000000787900000)
  to   space 45568K, 0% used [0x0000000782000000,0x0000000782000000,0x0000000784c80000)
 ParOldGen       total 121344K, used 48852K [0x00000006c2400000, 0x00000006c9a80000, 0x000000076b700000)
  object space 121344K, 40% used [0x00000006c2400000,0x00000006c53b5250,0x00000006c9a80000)
 Metaspace       used 34552K, capacity 35194K, committed 35496K, reserved 1081344K
  class space    used 4110K, capacity 4331K, committed 4400K, reserved 1048576K
Event: 5.437 GC heap after
Heap after GC invocations=12 (full 2):
 PSYoungGen      total 415232K, used 0K [0x000000076b700000, 0x0000000788600000, 0x00000007c0000000)
  eden space 369664K, 0% used [0x000000076b700000,0x000000076b700000,0x0000000782000000)
  from space 45568K, 0% used [0x0000000784c80000,0x0000000784c80000,0x0000000787900000)
  to   space 45568K, 0% used [0x0000000782000000,0x0000000782000000,0x0000000784c80000)
 ParOldGen       total 171520K, used 29775K [0x00000006c2400000, 0x00000006ccb80000, 0x000000076b700000)
  object space 171520K, 17% used [0x00000006c2400000,0x00000006c4113de8,0x00000006ccb80000)
 Metaspace       used 34552K, capacity 35194K, committed 35496K, reserved 1081344K
  class space    used 4110K, capacity 4331K, committed 4400K, reserved 1048576K
}

