# JRE version: Java(TM) SE Runtime Environment (7.0_80-b15) (build 1.7.0_80-b15)
# Java VM: Java HotSpot(TM) 64-Bit Server VM (24.80-b11 mixed mode windows-amd64 compressed oops)
Heap
 PSYoungGen      total 70656K, used 10605K [0x00000007d6100000, 0x00000007dab00000, 0x0000000800000000)
  eden space 65536K, 8% used [0x00000007d6100000,0x00000007d66634e0,0x00000007da100000)
  from space 5120K, 99% used [0x00000007da100000,0x00000007da5f8010,0x00000007da600000)
  to   space 5120K, 0% used [0x00000007da600000,0x00000007da600000,0x00000007dab00000)
 ParOldGen       total 85504K, used 55774K [0x0000000782400000, 0x0000000787780000, 0x00000007d6100000)
  object space 85504K, 65% used [0x0000000782400000,0x0000000785a77bc0,0x0000000787780000)
 PSPermGen       total 23040K, used 22978K [0x000000077d200000, 0x000000077e880000, 0x0000000782400000)
  object space 23040K, 99% used [0x000000077d200000,0x000000077e870be8,0x000000077e880000)
GC Heap History (10 events):
Event: 4.888 GC heap before
{Heap before GC invocations=5 (full 0):
 PSYoungGen      total 70656K, used 70632K [0x00000007d6100000, 0x00000007dab00000, 0x0000000800000000)
  eden space 65536K, 100% used [0x00000007d6100000,0x00000007da100000,0x00000007da100000)
  from space 5120K, 99% used [0x00000007da600000,0x00000007daafa020,0x00000007dab00000)
  to   space 5120K, 0% used [0x00000007da100000,0x00000007da100000,0x00000007da600000)
 ParOldGen       total 85504K, used 7492K [0x0000000782400000, 0x0000000787780000, 0x00000007d6100000)
  object space 85504K, 8% used [0x0000000782400000,0x0000000782b51100,0x0000000787780000)
 PSPermGen       total 21504K, used 16552K [0x000000077d200000, 0x000000077e700000, 0x0000000782400000)
  object space 21504K, 76% used [0x000000077d200000,0x000000077e22a270,0x000000077e700000)
Event: 4.907 GC heap after
Heap after GC invocations=5 (full 0):
 PSYoungGen      total 70656K, used 5120K [0x00000007d6100000, 0x00000007dab00000, 0x0000000800000000)
  eden space 65536K, 0% used [0x00000007d6100000,0x00000007d6100000,0x00000007da100000)
  from space 5120K, 100% used [0x00000007da100000,0x00000007da600000,0x00000007da600000)
  to   space 5120K, 0% used [0x00000007da600000,0x00000007da600000,0x00000007dab00000)
 ParOldGen       total 85504K, used 12030K [0x0000000782400000, 0x0000000787780000, 0x00000007d6100000)
  object space 85504K, 14% used [0x0000000782400000,0x0000000782fbfaa0,0x0000000787780000)
 PSPermGen       total 21504K, used 16552K [0x000000077d200000, 0x000000077e700000, 0x0000000782400000)
  object space 21504K, 76% used [0x000000077d200000,0x000000077e22a270,0x000000077e700000)
}
Event: 6.599 GC heap before
{Heap before GC invocations=6 (full 0):
 PSYoungGen      total 70656K, used 70650K [0x00000007d6100000, 0x00000007dab00000, 0x0000000800000000)
  eden space 65536K, 99% used [0x00000007d6100000,0x00000007da0fe978,0x00000007da100000)
  from space 5120K, 100% used [0x00000007da100000,0x00000007da600000,0x00000007da600000)
  to   space 5120K, 0% used [0x00000007da600000,0x00000007da600000,0x00000007dab00000)
 ParOldGen       total 85504K, used 12030K [0x0000000782400000, 0x0000000787780000, 0x00000007d6100000)
  object space 85504K, 14% used [0x0000000782400000,0x0000000782fbfaa0,0x0000000787780000)
 PSPermGen       total 23040K, used 22909K [0x000000077d200000, 0x000000077e880000, 0x0000000782400000)
  object space 23040K, 99% used [0x000000077d200000,0x000000077e85f5c8,0x000000077e880000)
Event: 6.620 GC heap after
Heap after GC invocations=6 (full 0):
 PSYoungGen      total 70656K, used 5104K [0x00000007d6100000, 0x00000007dab00000, 0x0000000800000000)
  eden space 65536K, 0% used [0x00000007d6100000,0x00000007d6100000,0x00000007da100000)
  from space 5120K, 99% used [0x00000007da600000,0x00000007daafc020,0x00000007dab00000)
  to   space 5120K, 0% used [0x00000007da100000,0x00000007da100000,0x00000007da600000)
 ParOldGen       total 85504K, used 21545K [0x0000000782400000, 0x0000000787780000, 0x00000007d6100000)
  object space 85504K, 25% used [0x0000000782400000,0x000000078390a418,0x0000000787780000)
 PSPermGen       total 23040K, used 22909K [0x000000077d200000, 0x000000077e880000, 0x0000000782400000)
  object space 23040K, 99% used [0x000000077d200000,0x000000077e85f5c8,0x000000077e880000)
}
Event: 7.192 GC heap before
{Heap before GC invocations=7 (full 0):
 PSYoungGen      total 70656K, used 70640K [0x00000007d6100000, 0x00000007dab00000, 0x0000000800000000)
  eden space 65536K, 100% used [0x00000007d6100000,0x00000007da100000,0x00000007da100000)
  from space 5120K, 99% used [0x00000007da600000,0x00000007daafc020,0x00000007dab00000)
  to   space 5120K, 0% used [0x00000007da100000,0x00000007da100000,0x00000007da600000)
 ParOldGen       total 85504K, used 21545K [0x0000000782400000, 0x0000000787780000, 0x00000007d6100000)
  object space 85504K, 25% used [0x0000000782400000,0x000000078390a418,0x0000000787780000)
 PSPermGen       total 23040K, used 22931K [0x000000077d200000, 0x000000077e880000, 0x0000000782400000)
  object space 23040K, 99% used [0x000000077d200000,0x000000077e864e68,0x000000077e880000)
Event: 7.212 GC heap after
Heap after GC invocations=7 (full 0):
 PSYoungGen      total 70656K, used 5088K [0x00000007d6100000, 0x00000007dab00000, 0x0000000800000000)
  eden space 65536K, 0% used [0x00000007d6100000,0x00000007d6100000,0x00000007da100000)
  from space 5120K, 99% used [0x00000007da100000,0x00000007da5f8030,0x00000007da600000)
  to   space 5120K, 0% used [0x00000007da600000,0x00000007da600000,0x00000007dab00000)
 ParOldGen       total 85504K, used 32036K [0x0000000782400000, 0x0000000787780000, 0x00000007d6100000)
  object space 85504K, 37% used [0x0000000782400000,0x0000000784349320,0x0000000787780000)
 PSPermGen       total 23040K, used 22931K [0x000000077d200000, 0x000000077e880000, 0x0000000782400000)
  object space 23040K, 99% used [0x000000077d200000,0x000000077e864e68,0x000000077e880000)
}
Event: 7.625 GC heap before
{Heap before GC invocations=8 (full 0):
 PSYoungGen      total 70656K, used 70624K [0x00000007d6100000, 0x00000007dab00000, 0x0000000800000000)
  eden space 65536K, 100% used [0x00000007d6100000,0x00000007da100000,0x00000007da100000)
  from space 5120K, 99% used [0x00000007da100000,0x00000007da5f8030,0x00000007da600000)
  to   space 5120K, 0% used [0x00000007da600000,0x00000007da600000,0x00000007dab00000)
 ParOldGen       total 85504K, used 32036K [0x0000000782400000, 0x0000000787780000, 0x00000007d6100000)
  object space 85504K, 37% used [0x0000000782400000,0x0000000784349320,0x0000000787780000)
 PSPermGen       total 23040K, used 22944K [0x000000077d200000, 0x000000077e880000, 0x0000000782400000)
  object space 23040K, 99% used [0x000000077d200000,0x000000077e8682b0,0x000000077e880000)
Event: 7.652 GC heap after
Heap after GC invocations=8 (full 0):
 PSYoungGen      total 70656K, used 5110K [0x00000007d6100000, 0x00000007dab00000, 0x0000000800000000)
  eden space 65536K, 0% used [0x00000007d6100000,0x00000007d6100000,0x00000007da100000)
  from space 5120K, 99% used [0x00000007da600000,0x00000007daafd8f0,0x00000007dab00000)
  to   space 5120K, 0% used [0x00000007da100000,0x00000007da100000,0x00000007da600000)
 ParOldGen       total 85504K, used 44636K [0x0000000782400000, 0x0000000787780000, 0x00000007d6100000)
  object space 85504K, 52% used [0x0000000782400000,0x0000000784f972e0,0x0000000787780000)
 PSPermGen       total 23040K, used 22944K [0x000000077d200000, 0x000000077e880000, 0x0000000782400000)
  object space 23040K, 99% used [0x000000077d200000,0x000000077e8682b0,0x000000077e880000)
}
Event: 8.015 GC heap before
{Heap before GC invocations=9 (full 0):
 PSYoungGen      total 70656K, used 70646K [0x00000007d6100000, 0x00000007dab00000, 0x0000000800000000)
  eden space 65536K, 100% used [0x00000007d6100000,0x00000007da100000,0x00000007da100000)
  from space 5120K, 99% used [0x00000007da600000,0x00000007daafd8f0,0x00000007dab00000)
  to   space 5120K, 0% used [0x00000007da100000,0x00000007da100000,0x00000007da600000)
 ParOldGen       total 85504K, used 44636K [0x0000000782400000, 0x0000000787780000, 0x00000007d6100000)
  object space 85504K, 52% used [0x0000000782400000,0x0000000784f972e0,0x0000000787780000)
 PSPermGen       total 23040K, used 22978K [0x000000077d200000, 0x000000077e880000, 0x0000000782400000)
  object space 23040K, 99% used [0x000000077d200000,0x000000077e870be8,0x000000077e880000)
Event: 8.035 GC heap after
Heap after GC invocations=9 (full 0):
 PSYoungGen      total 70656K, used 5088K [0x00000007d6100000, 0x00000007dab00000, 0x0000000800000000)
  eden space 65536K, 0% used [0x00000007d6100000,0x00000007d6100000,0x00000007da100000)
  from space 5120K, 99% used [0x00000007da100000,0x00000007da5f8010,0x00000007da600000)
  to   space 5120K, 0% used [0x00000007da600000,0x00000007da600000,0x00000007dab00000)
 ParOldGen       total 85504K, used 55774K [0x0000000782400000, 0x0000000787780000, 0x00000007d6100000)
  object space 85504K, 65% used [0x0000000782400000,0x0000000785a77bc0,0x0000000787780000)
 PSPermGen       total 23040K, used 22978K [0x000000077d200000, 0x000000077e880000, 0x0000000782400000)
  object space 23040K, 99% used [0x000000077d200000,0x000000077e870be8,0x000000077e880000)
}

