# JRE version: Java(TM) SE Runtime Environment (7.0_80-b15) (build 1.7.0_80-b15)
# Java VM: Java HotSpot(TM) 64-Bit Server VM (24.80-b11 mixed mode windows-amd64 compressed oops)
Heap
 PSYoungGen      total 270336K, used 71921K [0x00000007d6100000, 0x00000007e9400000, 0x0000000800000000)
  eden space 247808K, 19% used [0x00000007d6100000,0x00000007d913f6a0,0x00000007e5300000)
  from space 22528K, 99% used [0x00000007e7000000,0x00000007e85fcd68,0x00000007e8600000)
  to   space 29696K, 0% used [0x00000007e5300000,0x00000007e5300000,0x00000007e7000000)
 ParOldGen       total 85504K, used 37396K [0x0000000782400000, 0x0000000787780000, 0x00000007d6100000)
  object space 85504K, 43% used [0x0000000782400000,0x00000007848850a0,0x0000000787780000)
 PSPermGen       total 23040K, used 22985K [0x000000077d200000, 0x000000077e880000, 0x0000000782400000)
  object space 23040K, 99% used [0x000000077d200000,0x000000077e872620,0x000000077e880000)
GC Heap History (10 events):
Event: 3.532 GC heap before
{Heap before GC invocations=4 (full 0):
 PSYoungGen      total 37888K, used 37864K [0x00000007d6100000, 0x00000007dab00000, 0x0000000800000000)
  eden space 32768K, 100% used [0x00000007d6100000,0x00000007d8100000,0x00000007d8100000)
  from space 5120K, 99% used [0x00000007d8100000,0x00000007d85fa020,0x00000007d8600000)
  to   space 5120K, 0% used [0x00000007da600000,0x00000007da600000,0x00000007dab00000)
 ParOldGen       total 85504K, used 5035K [0x0000000782400000, 0x0000000787780000, 0x00000007d6100000)
  object space 85504K, 5% used [0x0000000782400000,0x00000007828eadc0,0x0000000787780000)
 PSPermGen       total 21504K, used 15412K [0x000000077d200000, 0x000000077e700000, 0x0000000782400000)
  object space 21504K, 71% used [0x000000077d200000,0x000000077e10d388,0x000000077e700000)
Event: 3.544 GC heap after
Heap after GC invocations=4 (full 0):
 PSYoungGen      total 70656K, used 5112K [0x00000007d6100000, 0x00000007dab00000, 0x0000000800000000)
  eden space 65536K, 0% used [0x00000007d6100000,0x00000007d6100000,0x00000007da100000)
  from space 5120K, 99% used [0x00000007da600000,0x00000007daafe010,0x00000007dab00000)
  to   space 5120K, 0% used [0x00000007da100000,0x00000007da100000,0x00000007da600000)
 ParOldGen       total 85504K, used 7616K [0x0000000782400000, 0x0000000787780000, 0x00000007d6100000)
  object space 85504K, 8% used [0x0000000782400000,0x0000000782b702c8,0x0000000787780000)
 PSPermGen       total 21504K, used 15412K [0x000000077d200000, 0x000000077e700000, 0x0000000782400000)
  object space 21504K, 71% used [0x000000077d200000,0x000000077e10d388,0x000000077e700000)
}
Event: 4.710 GC heap before
{Heap before GC invocations=5 (full 0):
 PSYoungGen      total 70656K, used 70648K [0x00000007d6100000, 0x00000007dab00000, 0x0000000800000000)
  eden space 65536K, 100% used [0x00000007d6100000,0x00000007da100000,0x00000007da100000)
  from space 5120K, 99% used [0x00000007da600000,0x00000007daafe010,0x00000007dab00000)
  to   space 5120K, 0% used [0x00000007da100000,0x00000007da100000,0x00000007da600000)
 ParOldGen       total 85504K, used 7616K [0x0000000782400000, 0x0000000787780000, 0x00000007d6100000)
  object space 85504K, 8% used [0x0000000782400000,0x0000000782b702c8,0x0000000787780000)
 PSPermGen       total 21504K, used 16559K [0x000000077d200000, 0x000000077e700000, 0x0000000782400000)
  object space 21504K, 77% used [0x000000077d200000,0x000000077e22bfc0,0x000000077e700000)
Event: 4.728 GC heap after
Heap after GC invocations=5 (full 0):
 PSYoungGen      total 70656K, used 5104K [0x00000007d6100000, 0x00000007df500000, 0x0000000800000000)
  eden space 65536K, 0% used [0x00000007d6100000,0x00000007d6100000,0x00000007da100000)
  from space 5120K, 99% used [0x00000007da100000,0x00000007da5fc010,0x00000007da600000)
  to   space 10240K, 0% used [0x00000007deb00000,0x00000007deb00000,0x00000007df500000)
 ParOldGen       total 85504K, used 11949K [0x0000000782400000, 0x0000000787780000, 0x00000007d6100000)
  object space 85504K, 13% used [0x0000000782400000,0x0000000782fab460,0x0000000787780000)
 PSPermGen       total 21504K, used 16559K [0x000000077d200000, 0x000000077e700000, 0x0000000782400000)
  object space 21504K, 77% used [0x000000077d200000,0x000000077e22bfc0,0x000000077e700000)
}
Event: 6.408 GC heap before
{Heap before GC invocations=6 (full 0):
 PSYoungGen      total 70656K, used 70640K [0x00000007d6100000, 0x00000007df500000, 0x0000000800000000)
  eden space 65536K, 100% used [0x00000007d6100000,0x00000007da100000,0x00000007da100000)
  from space 5120K, 99% used [0x00000007da100000,0x00000007da5fc010,0x00000007da600000)
  to   space 10240K, 0% used [0x00000007deb00000,0x00000007deb00000,0x00000007df500000)
 ParOldGen       total 85504K, used 11949K [0x0000000782400000, 0x0000000787780000, 0x00000007d6100000)
  object space 85504K, 13% used [0x0000000782400000,0x0000000782fab460,0x0000000787780000)
 PSPermGen       total 23040K, used 22905K [0x000000077d200000, 0x000000077e880000, 0x0000000782400000)
  object space 23040K, 99% used [0x000000077d200000,0x000000077e85e5d0,0x000000077e880000)
Event: 6.434 GC heap after
Heap after GC invocations=6 (full 0):
 PSYoungGen      total 137728K, used 10232K [0x00000007d6100000, 0x00000007dfc00000, 0x0000000800000000)
  eden space 127488K, 0% used [0x00000007d6100000,0x00000007d6100000,0x00000007ddd80000)
  from space 10240K, 99% used [0x00000007deb00000,0x00000007df4fe2d0,0x00000007df500000)
  to   space 13824K, 0% used [0x00000007ddd80000,0x00000007ddd80000,0x00000007deb00000)
 ParOldGen       total 85504K, used 16068K [0x0000000782400000, 0x0000000787780000, 0x00000007d6100000)
  object space 85504K, 18% used [0x0000000782400000,0x00000007833b1168,0x0000000787780000)
 PSPermGen       total 23040K, used 22905K [0x000000077d200000, 0x000000077e880000, 0x0000000782400000)
  object space 23040K, 99% used [0x000000077d200000,0x000000077e85e5d0,0x000000077e880000)
}
Event: 7.374 GC heap before
{Heap before GC invocations=7 (full 0):
 PSYoungGen      total 137728K, used 137720K [0x00000007d6100000, 0x00000007dfc00000, 0x0000000800000000)
  eden space 127488K, 100% used [0x00000007d6100000,0x00000007ddd80000,0x00000007ddd80000)
  from space 10240K, 99% used [0x00000007deb00000,0x00000007df4fe2d0,0x00000007df500000)
  to   space 13824K, 0% used [0x00000007ddd80000,0x00000007ddd80000,0x00000007deb00000)
 ParOldGen       total 85504K, used 16068K [0x0000000782400000, 0x0000000787780000, 0x00000007d6100000)
  object space 85504K, 18% used [0x0000000782400000,0x00000007833b1168,0x0000000787780000)
 PSPermGen       total 23040K, used 22955K [0x000000077d200000, 0x000000077e880000, 0x0000000782400000)
  object space 23040K, 99% used [0x000000077d200000,0x000000077e86ada8,0x000000077e880000)
Event: 7.413 GC heap after
Heap after GC invocations=7 (full 0):
 PSYoungGen      total 141312K, used 13799K [0x00000007d6100000, 0x00000007e8600000, 0x0000000800000000)
  eden space 127488K, 0% used [0x00000007d6100000,0x00000007d6100000,0x00000007ddd80000)
  from space 13824K, 99% used [0x00000007ddd80000,0x00000007deaf9d40,0x00000007deb00000)
  to   space 22528K, 0% used [0x00000007e7000000,0x00000007e7000000,0x00000007e8600000)
 ParOldGen       total 85504K, used 29616K [0x0000000782400000, 0x0000000787780000, 0x00000007d6100000)
  object space 85504K, 34% used [0x0000000782400000,0x00000007840ec100,0x0000000787780000)
 PSPermGen       total 23040K, used 22955K [0x000000077d200000, 0x000000077e880000, 0x0000000782400000)
  object space 23040K, 99% used [0x000000077d200000,0x000000077e86ada8,0x000000077e880000)
}
Event: 8.405 GC heap before
{Heap before GC invocations=8 (full 0):
 PSYoungGen      total 141312K, used 141287K [0x00000007d6100000, 0x00000007e8600000, 0x0000000800000000)
  eden space 127488K, 100% used [0x00000007d6100000,0x00000007ddd80000,0x00000007ddd80000)
  from space 13824K, 99% used [0x00000007ddd80000,0x00000007deaf9d40,0x00000007deb00000)
  to   space 22528K, 0% used [0x00000007e7000000,0x00000007e7000000,0x00000007e8600000)
 ParOldGen       total 85504K, used 29616K [0x0000000782400000, 0x0000000787780000, 0x00000007d6100000)
  object space 85504K, 34% used [0x0000000782400000,0x00000007840ec100,0x0000000787780000)
 PSPermGen       total 23040K, used 22973K [0x000000077d200000, 0x000000077e880000, 0x0000000782400000)
  object space 23040K, 99% used [0x000000077d200000,0x000000077e86f5c0,0x000000077e880000)
Event: 8.457 GC heap after
Heap after GC invocations=8 (full 0):
 PSYoungGen      total 270336K, used 22515K [0x00000007d6100000, 0x00000007e9400000, 0x0000000800000000)
  eden space 247808K, 0% used [0x00000007d6100000,0x00000007d6100000,0x00000007e5300000)
  from space 22528K, 99% used [0x00000007e7000000,0x00000007e85fcd68,0x00000007e8600000)
  to   space 29696K, 0% used [0x00000007e5300000,0x00000007e5300000,0x00000007e7000000)
 ParOldGen       total 85504K, used 37396K [0x0000000782400000, 0x0000000787780000, 0x00000007d6100000)
  object space 85504K, 43% used [0x0000000782400000,0x00000007848850a0,0x0000000787780000)
 PSPermGen       total 23040K, used 22973K [0x000000077d200000, 0x000000077e880000, 0x0000000782400000)
  object space 23040K, 99% used [0x000000077d200000,0x000000077e86f5c0,0x000000077e880000)
}

