# JRE version: Java(TM) SE Runtime Environment (7.0_80-b15) (build 1.7.0_80-b15)
# Java VM: Java HotSpot(TM) 64-Bit Server VM (24.80-b11 mixed mode windows-amd64 compressed oops)
Heap
 PSYoungGen      total 429056K, used 189534K [0x00000007d6100000, 0x00000007f4900000, 0x0000000800000000)
  eden space 387584K, 38% used [0x00000007d6100000,0x00000007df19e268,0x00000007edb80000)
  from space 41472K, 99% used [0x00000007f0d80000,0x00000007f35f9978,0x00000007f3600000)
  to   space 51200K, 0% used [0x00000007edb80000,0x00000007edb80000,0x00000007f0d80000)
 ParOldGen       total 85504K, used 63034K [0x0000000782400000, 0x0000000787780000, 0x00000007d6100000)
  object space 85504K, 73% used [0x0000000782400000,0x000000078618eb80,0x0000000787780000)
 PSPermGen       total 32768K, used 32346K [0x000000077d200000, 0x000000077f200000, 0x0000000782400000)
  object space 32768K, 98% used [0x000000077d200000,0x000000077f197a00,0x000000077f200000)
GC Heap History (10 events):
Event: 6.512 GC heap before
{Heap before GC invocations=6 (full 0):
 PSYoungGen      total 70656K, used 70656K [0x00000007d6100000, 0x00000007df600000, 0x0000000800000000)
  eden space 65536K, 100% used [0x00000007d6100000,0x00000007da100000,0x00000007da100000)
  from space 5120K, 100% used [0x00000007da100000,0x00000007da600000,0x00000007da600000)
  to   space 10752K, 0% used [0x00000007deb80000,0x00000007deb80000,0x00000007df600000)
 ParOldGen       total 85504K, used 12050K [0x0000000782400000, 0x0000000787780000, 0x00000007d6100000)
  object space 85504K, 14% used [0x0000000782400000,0x0000000782fc4ae8,0x0000000787780000)
 PSPermGen       total 23040K, used 22908K [0x000000077d200000, 0x000000077e880000, 0x0000000782400000)
  object space 23040K, 99% used [0x000000077d200000,0x000000077e85f268,0x000000077e880000)
Event: 6.535 GC heap after
Heap after GC invocations=6 (full 0):
 PSYoungGen      total 138240K, used 10750K [0x00000007d6100000, 0x00000007dfd00000, 0x0000000800000000)
  eden space 127488K, 0% used [0x00000007d6100000,0x00000007d6100000,0x00000007ddd80000)
  from space 10752K, 99% used [0x00000007deb80000,0x00000007df5ffa38,0x00000007df600000)
  to   space 14336K, 0% used [0x00000007ddd80000,0x00000007ddd80000,0x00000007deb80000)
 ParOldGen       total 85504K, used 15973K [0x0000000782400000, 0x0000000787780000, 0x00000007d6100000)
  object space 85504K, 18% used [0x0000000782400000,0x0000000783399418,0x0000000787780000)
 PSPermGen       total 23040K, used 22908K [0x000000077d200000, 0x000000077e880000, 0x0000000782400000)
  object space 23040K, 99% used [0x000000077d200000,0x000000077e85f268,0x000000077e880000)
}
Event: 7.451 GC heap before
{Heap before GC invocations=7 (full 0):
 PSYoungGen      total 138240K, used 138238K [0x00000007d6100000, 0x00000007dfd00000, 0x0000000800000000)
  eden space 127488K, 100% used [0x00000007d6100000,0x00000007ddd80000,0x00000007ddd80000)
  from space 10752K, 99% used [0x00000007deb80000,0x00000007df5ffa38,0x00000007df600000)
  to   space 14336K, 0% used [0x00000007ddd80000,0x00000007ddd80000,0x00000007deb80000)
 ParOldGen       total 85504K, used 15973K [0x0000000782400000, 0x0000000787780000, 0x00000007d6100000)
  object space 85504K, 18% used [0x0000000782400000,0x0000000783399418,0x0000000787780000)
 PSPermGen       total 23040K, used 22958K [0x000000077d200000, 0x000000077e880000, 0x0000000782400000)
  object space 23040K, 99% used [0x000000077d200000,0x000000077e86bbb8,0x000000077e880000)
Event: 7.480 GC heap after
Heap after GC invocations=7 (full 0):
 PSYoungGen      total 141824K, used 14335K [0x00000007d6100000, 0x00000007e8700000, 0x0000000800000000)
  eden space 127488K, 0% used [0x00000007d6100000,0x00000007d6100000,0x00000007ddd80000)
  from space 14336K, 99% used [0x00000007ddd80000,0x00000007deb7fea8,0x00000007deb80000)
  to   space 23040K, 0% used [0x00000007e7080000,0x00000007e7080000,0x00000007e8700000)
 ParOldGen       total 85504K, used 30050K [0x0000000782400000, 0x0000000787780000, 0x00000007d6100000)
  object space 85504K, 35% used [0x0000000782400000,0x0000000784158a10,0x0000000787780000)
 PSPermGen       total 23040K, used 22958K [0x000000077d200000, 0x000000077e880000, 0x0000000782400000)
  object space 23040K, 99% used [0x000000077d200000,0x000000077e86bbb8,0x000000077e880000)
}
Event: 8.088 GC heap before
{Heap before GC invocations=8 (full 0):
 PSYoungGen      total 141824K, used 141823K [0x00000007d6100000, 0x00000007e8700000, 0x0000000800000000)
  eden space 127488K, 100% used [0x00000007d6100000,0x00000007ddd80000,0x00000007ddd80000)
  from space 14336K, 99% used [0x00000007ddd80000,0x00000007deb7fea8,0x00000007deb80000)
  to   space 23040K, 0% used [0x00000007e7080000,0x00000007e7080000,0x00000007e8700000)
 ParOldGen       total 85504K, used 30050K [0x0000000782400000, 0x0000000787780000, 0x00000007d6100000)
  object space 85504K, 35% used [0x0000000782400000,0x0000000784158a10,0x0000000787780000)
 PSPermGen       total 23040K, used 22975K [0x000000077d200000, 0x000000077e880000, 0x0000000782400000)
  object space 23040K, 99% used [0x000000077d200000,0x000000077e86fdd0,0x000000077e880000)
Event: 8.118 GC heap after
Heap after GC invocations=8 (full 0):
 PSYoungGen      total 271360K, used 23009K [0x00000007d6100000, 0x00000007e9400000, 0x0000000800000000)
  eden space 248320K, 0% used [0x00000007d6100000,0x00000007d6100000,0x00000007e5380000)
  from space 23040K, 99% used [0x00000007e7080000,0x00000007e86f8728,0x00000007e8700000)
  to   space 29696K, 0% used [0x00000007e5380000,0x00000007e5380000,0x00000007e7080000)
 ParOldGen       total 85504K, used 36804K [0x0000000782400000, 0x0000000787780000, 0x00000007d6100000)
  object space 85504K, 43% used [0x0000000782400000,0x00000007847f12c8,0x0000000787780000)
 PSPermGen       total 23040K, used 22975K [0x000000077d200000, 0x000000077e880000, 0x0000000782400000)
  object space 23040K, 99% used [0x000000077d200000,0x000000077e86fdd0,0x000000077e880000)
}
Event: 9.287 GC heap before
{Heap before GC invocations=9 (full 0):
 PSYoungGen      total 271360K, used 271329K [0x00000007d6100000, 0x00000007e9400000, 0x0000000800000000)
  eden space 248320K, 100% used [0x00000007d6100000,0x00000007e5380000,0x00000007e5380000)
  from space 23040K, 99% used [0x00000007e7080000,0x00000007e86f8728,0x00000007e8700000)
  to   space 29696K, 0% used [0x00000007e5380000,0x00000007e5380000,0x00000007e7080000)
 ParOldGen       total 85504K, used 36804K [0x0000000782400000, 0x0000000787780000, 0x00000007d6100000)
  object space 85504K, 43% used [0x0000000782400000,0x00000007847f12c8,0x0000000787780000)
 PSPermGen       total 23040K, used 23002K [0x000000077d200000, 0x000000077e880000, 0x0000000782400000)
  object space 23040K, 99% used [0x000000077d200000,0x000000077e876928,0x000000077e880000)
Event: 9.337 GC heap after
Heap after GC invocations=9 (full 0):
 PSYoungGen      total 278016K, used 29666K [0x00000007d6100000, 0x00000007f3600000, 0x0000000800000000)
  eden space 248320K, 0% used [0x00000007d6100000,0x00000007d6100000,0x00000007e5380000)
  from space 29696K, 99% used [0x00000007e5380000,0x00000007e7078820,0x00000007e7080000)
  to   space 41472K, 0% used [0x00000007f0d80000,0x00000007f0d80000,0x00000007f3600000)
 ParOldGen       total 85504K, used 54336K [0x0000000782400000, 0x0000000787780000, 0x00000007d6100000)
  object space 85504K, 63% used [0x0000000782400000,0x0000000785910190,0x0000000787780000)
 PSPermGen       total 23040K, used 23002K [0x000000077d200000, 0x000000077e880000, 0x0000000782400000)
  object space 23040K, 99% used [0x000000077d200000,0x000000077e876928,0x000000077e880000)
}
Event: 10.306 GC heap before
{Heap before GC invocations=10 (full 0):
 PSYoungGen      total 278016K, used 277986K [0x00000007d6100000, 0x00000007f3600000, 0x0000000800000000)
  eden space 248320K, 100% used [0x00000007d6100000,0x00000007e5380000,0x00000007e5380000)
  from space 29696K, 99% used [0x00000007e5380000,0x00000007e7078820,0x00000007e7080000)
  to   space 41472K, 0% used [0x00000007f0d80000,0x00000007f0d80000,0x00000007f3600000)
 ParOldGen       total 85504K, used 54336K [0x0000000782400000, 0x0000000787780000, 0x00000007d6100000)
  object space 85504K, 63% used [0x0000000782400000,0x0000000785910190,0x0000000787780000)
 PSPermGen       total 24064K, used 23896K [0x000000077d200000, 0x000000077e980000, 0x0000000782400000)
  object space 24064K, 99% used [0x000000077d200000,0x000000077e956208,0x000000077e980000)
Event: 10.360 GC heap after
Heap after GC invocations=10 (full 0):
 PSYoungGen      total 429056K, used 41446K [0x00000007d6100000, 0x00000007f4900000, 0x0000000800000000)
  eden space 387584K, 0% used [0x00000007d6100000,0x00000007d6100000,0x00000007edb80000)
  from space 41472K, 99% used [0x00000007f0d80000,0x00000007f35f9978,0x00000007f3600000)
  to   space 51200K, 0% used [0x00000007edb80000,0x00000007edb80000,0x00000007f0d80000)
 ParOldGen       total 85504K, used 63034K [0x0000000782400000, 0x0000000787780000, 0x00000007d6100000)
  object space 85504K, 73% used [0x0000000782400000,0x000000078618eb80,0x0000000787780000)
 PSPermGen       total 24064K, used 23896K [0x000000077d200000, 0x000000077e980000, 0x0000000782400000)
  object space 24064K, 99% used [0x000000077d200000,0x000000077e956208,0x000000077e980000)
}

