# JRE version: Java(TM) SE Runtime Environment (7.0_80-b15) (build 1.7.0_80-b15)
# Java VM: Java HotSpot(TM) 64-Bit Server VM (24.80-b11 mixed mode windows-amd64 compressed oops)
Heap
 PSYoungGen      total 429568K, used 179723K [0x00000007d6100000, 0x00000007f4b00000, 0x0000000800000000)
  eden space 388096K, 35% used [0x00000007d6100000,0x00000007de8047e0,0x00000007edc00000)
  from space 41472K, 99% used [0x00000007f0e80000,0x00000007f36fe770,0x00000007f3700000)
  to   space 51712K, 0% used [0x00000007edc00000,0x00000007edc00000,0x00000007f0e80000)
 ParOldGen       total 85504K, used 63653K [0x0000000782400000, 0x0000000787780000, 0x00000007d6100000)
  object space 85504K, 74% used [0x0000000782400000,0x00000007862295b8,0x0000000787780000)
 PSPermGen       total 32768K, used 32337K [0x000000077d200000, 0x000000077f200000, 0x0000000782400000)
  object space 32768K, 98% used [0x000000077d200000,0x000000077f1944c8,0x000000077f200000)
GC Heap History (10 events):
Event: 6.337 GC heap before
{Heap before GC invocations=6 (full 0):
 PSYoungGen      total 70656K, used 70624K [0x00000007d6100000, 0x00000007df500000, 0x0000000800000000)
  eden space 65536K, 100% used [0x00000007d6100000,0x00000007da100000,0x00000007da100000)
  from space 5120K, 99% used [0x00000007da100000,0x00000007da5f8020,0x00000007da600000)
  to   space 10240K, 0% used [0x00000007deb00000,0x00000007deb00000,0x00000007df500000)
 ParOldGen       total 85504K, used 11991K [0x0000000782400000, 0x0000000787780000, 0x00000007d6100000)
  object space 85504K, 14% used [0x0000000782400000,0x0000000782fb5fc8,0x0000000787780000)
 PSPermGen       total 23040K, used 22903K [0x000000077d200000, 0x000000077e880000, 0x0000000782400000)
  object space 23040K, 99% used [0x000000077d200000,0x000000077e85dcd0,0x000000077e880000)
Event: 6.357 GC heap after
Heap after GC invocations=6 (full 0):
 PSYoungGen      total 137728K, used 10210K [0x00000007d6100000, 0x00000007dfc00000, 0x0000000800000000)
  eden space 127488K, 0% used [0x00000007d6100000,0x00000007d6100000,0x00000007ddd80000)
  from space 10240K, 99% used [0x00000007deb00000,0x00000007df4f8a80,0x00000007df500000)
  to   space 13824K, 0% used [0x00000007ddd80000,0x00000007ddd80000,0x00000007deb00000)
 ParOldGen       total 85504K, used 15910K [0x0000000782400000, 0x0000000787780000, 0x00000007d6100000)
  object space 85504K, 18% used [0x0000000782400000,0x0000000783389aa0,0x0000000787780000)
 PSPermGen       total 23040K, used 22903K [0x000000077d200000, 0x000000077e880000, 0x0000000782400000)
  object space 23040K, 99% used [0x000000077d200000,0x000000077e85dcd0,0x000000077e880000)
}
Event: 7.391 GC heap before
{Heap before GC invocations=7 (full 0):
 PSYoungGen      total 137728K, used 137698K [0x00000007d6100000, 0x00000007dfc00000, 0x0000000800000000)
  eden space 127488K, 100% used [0x00000007d6100000,0x00000007ddd80000,0x00000007ddd80000)
  from space 10240K, 99% used [0x00000007deb00000,0x00000007df4f8a80,0x00000007df500000)
  to   space 13824K, 0% used [0x00000007ddd80000,0x00000007ddd80000,0x00000007deb00000)
 ParOldGen       total 85504K, used 15910K [0x0000000782400000, 0x0000000787780000, 0x00000007d6100000)
  object space 85504K, 18% used [0x0000000782400000,0x0000000783389aa0,0x0000000787780000)
 PSPermGen       total 23040K, used 22953K [0x000000077d200000, 0x000000077e880000, 0x0000000782400000)
  object space 23040K, 99% used [0x000000077d200000,0x000000077e86a7a8,0x000000077e880000)
Event: 7.425 GC heap after
Heap after GC invocations=7 (full 0):
 PSYoungGen      total 141312K, used 13819K [0x00000007d6100000, 0x00000007e8800000, 0x0000000800000000)
  eden space 127488K, 0% used [0x00000007d6100000,0x00000007d6100000,0x00000007ddd80000)
  from space 13824K, 99% used [0x00000007ddd80000,0x00000007deafefa0,0x00000007deb00000)
  to   space 23552K, 0% used [0x00000007e7100000,0x00000007e7100000,0x00000007e8800000)
 ParOldGen       total 85504K, used 31144K [0x0000000782400000, 0x0000000787780000, 0x00000007d6100000)
  object space 85504K, 36% used [0x0000000782400000,0x000000078426a3d0,0x0000000787780000)
 PSPermGen       total 23040K, used 22953K [0x000000077d200000, 0x000000077e880000, 0x0000000782400000)
  object space 23040K, 99% used [0x000000077d200000,0x000000077e86a7a8,0x000000077e880000)
}
Event: 8.042 GC heap before
{Heap before GC invocations=8 (full 0):
 PSYoungGen      total 141312K, used 141307K [0x00000007d6100000, 0x00000007e8800000, 0x0000000800000000)
  eden space 127488K, 100% used [0x00000007d6100000,0x00000007ddd80000,0x00000007ddd80000)
  from space 13824K, 99% used [0x00000007ddd80000,0x00000007deafefa0,0x00000007deb00000)
  to   space 23552K, 0% used [0x00000007e7100000,0x00000007e7100000,0x00000007e8800000)
 ParOldGen       total 85504K, used 31144K [0x0000000782400000, 0x0000000787780000, 0x00000007d6100000)
  object space 85504K, 36% used [0x0000000782400000,0x000000078426a3d0,0x0000000787780000)
 PSPermGen       total 23040K, used 22962K [0x000000077d200000, 0x000000077e880000, 0x0000000782400000)
  object space 23040K, 99% used [0x000000077d200000,0x000000077e86c808,0x000000077e880000)
Event: 8.081 GC heap after
Heap after GC invocations=8 (full 0):
 PSYoungGen      total 272384K, used 23534K [0x00000007d6100000, 0x00000007e9400000, 0x0000000800000000)
  eden space 248832K, 0% used [0x00000007d6100000,0x00000007d6100000,0x00000007e5400000)
  from space 23552K, 99% used [0x00000007e7100000,0x00000007e87fbae8,0x00000007e8800000)
  to   space 29696K, 0% used [0x00000007e5400000,0x00000007e5400000,0x00000007e7100000)
 ParOldGen       total 85504K, used 36935K [0x0000000782400000, 0x0000000787780000, 0x00000007d6100000)
  object space 85504K, 43% used [0x0000000782400000,0x0000000784811c08,0x0000000787780000)
 PSPermGen       total 23040K, used 22962K [0x000000077d200000, 0x000000077e880000, 0x0000000782400000)
  object space 23040K, 99% used [0x000000077d200000,0x000000077e86c808,0x000000077e880000)
}
Event: 9.351 GC heap before
{Heap before GC invocations=9 (full 0):
 PSYoungGen      total 272384K, used 272366K [0x00000007d6100000, 0x00000007e9400000, 0x0000000800000000)
  eden space 248832K, 100% used [0x00000007d6100000,0x00000007e5400000,0x00000007e5400000)
  from space 23552K, 99% used [0x00000007e7100000,0x00000007e87fbae8,0x00000007e8800000)
  to   space 29696K, 0% used [0x00000007e5400000,0x00000007e5400000,0x00000007e7100000)
 ParOldGen       total 85504K, used 36935K [0x0000000782400000, 0x0000000787780000, 0x00000007d6100000)
  object space 85504K, 43% used [0x0000000782400000,0x0000000784811c08,0x0000000787780000)
 PSPermGen       total 23040K, used 23000K [0x000000077d200000, 0x000000077e880000, 0x0000000782400000)
  object space 23040K, 99% used [0x000000077d200000,0x000000077e876060,0x000000077e880000)
Event: 9.396 GC heap after
Heap after GC invocations=9 (full 0):
 PSYoungGen      total 278528K, used 29674K [0x00000007d6100000, 0x00000007f3700000, 0x0000000800000000)
  eden space 248832K, 0% used [0x00000007d6100000,0x00000007d6100000,0x00000007e5400000)
  from space 29696K, 99% used [0x00000007e5400000,0x00000007e70fa8d8,0x00000007e7100000)
  to   space 41472K, 0% used [0x00000007f0e80000,0x00000007f0e80000,0x00000007f3700000)
 ParOldGen       total 85504K, used 53850K [0x0000000782400000, 0x0000000787780000, 0x00000007d6100000)
  object space 85504K, 62% used [0x0000000782400000,0x0000000785896ae0,0x0000000787780000)
 PSPermGen       total 23040K, used 23000K [0x000000077d200000, 0x000000077e880000, 0x0000000782400000)
  object space 23040K, 99% used [0x000000077d200000,0x000000077e876060,0x000000077e880000)
}
Event: 10.445 GC heap before
{Heap before GC invocations=10 (full 0):
 PSYoungGen      total 278528K, used 278506K [0x00000007d6100000, 0x00000007f3700000, 0x0000000800000000)
  eden space 248832K, 100% used [0x00000007d6100000,0x00000007e5400000,0x00000007e5400000)
  from space 29696K, 99% used [0x00000007e5400000,0x00000007e70fa8d8,0x00000007e7100000)
  to   space 41472K, 0% used [0x00000007f0e80000,0x00000007f0e80000,0x00000007f3700000)
 ParOldGen       total 85504K, used 53850K [0x0000000782400000, 0x0000000787780000, 0x00000007d6100000)
  object space 85504K, 62% used [0x0000000782400000,0x0000000785896ae0,0x0000000787780000)
 PSPermGen       total 25088K, used 24688K [0x000000077d200000, 0x000000077ea80000, 0x0000000782400000)
  object space 25088K, 98% used [0x000000077d200000,0x000000077ea1c140,0x000000077ea80000)
Event: 10.498 GC heap after
Heap after GC invocations=10 (full 0):
 PSYoungGen      total 429568K, used 41465K [0x00000007d6100000, 0x00000007f4b00000, 0x0000000800000000)
  eden space 388096K, 0% used [0x00000007d6100000,0x00000007d6100000,0x00000007edc00000)
  from space 41472K, 99% used [0x00000007f0e80000,0x00000007f36fe770,0x00000007f3700000)
  to   space 51712K, 0% used [0x00000007edc00000,0x00000007edc00000,0x00000007f0e80000)
 ParOldGen       total 85504K, used 63653K [0x0000000782400000, 0x0000000787780000, 0x00000007d6100000)
  object space 85504K, 74% used [0x0000000782400000,0x00000007862295b8,0x0000000787780000)
 PSPermGen       total 25088K, used 24688K [0x000000077d200000, 0x000000077ea80000, 0x0000000782400000)
  object space 25088K, 98% used [0x000000077d200000,0x000000077ea1c140,0x000000077ea80000)
}

