# JRE version: Java(TM) SE Runtime Environment (7.0_80-b15) (build 1.7.0_80-b15)
# Java VM: Java HotSpot(TM) 64-Bit Server VM (24.80-b11 mixed mode windows-amd64 compressed oops)
Heap
 PSYoungGen      total 277504K, used 231709K [0x00000007d6100000, 0x00000007e9400000, 0x0000000800000000)
  eden space 247296K, 81% used [0x00000007d6100000,0x00000007e25cb478,0x00000007e5280000)
  from space 30208K, 99% used [0x00000007e5280000,0x00000007e6ffc2c8,0x00000007e7000000)
  to   space 23552K, 0% used [0x00000007e7000000,0x00000007e7000000,0x00000007e8700000)
 ParOldGen       total 85504K, used 54794K [0x0000000782400000, 0x0000000787780000, 0x00000007d6100000)
  object space 85504K, 64% used [0x0000000782400000,0x00000007859828f0,0x0000000787780000)
 PSPermGen       total 23040K, used 23015K [0x000000077d200000, 0x000000077e880000, 0x0000000782400000)
  object space 23040K, 99% used [0x000000077d200000,0x000000077e879e00,0x000000077e880000)
GC Heap History (10 events):
Event: 6.601 GC heap before
{Heap before GC invocations=5 (full 0):
 PSYoungGen      total 70656K, used 70648K [0x00000007d6100000, 0x00000007dab00000, 0x0000000800000000)
  eden space 65536K, 100% used [0x00000007d6100000,0x00000007da100000,0x00000007da100000)
  from space 5120K, 99% used [0x00000007da600000,0x00000007daafe010,0x00000007dab00000)
  to   space 5120K, 0% used [0x00000007da100000,0x00000007da100000,0x00000007da600000)
 ParOldGen       total 85504K, used 7603K [0x0000000782400000, 0x0000000787780000, 0x00000007d6100000)
  object space 85504K, 8% used [0x0000000782400000,0x0000000782b6cfb0,0x0000000787780000)
 PSPermGen       total 21504K, used 16561K [0x000000077d200000, 0x000000077e700000, 0x0000000782400000)
  object space 21504K, 77% used [0x000000077d200000,0x000000077e22c758,0x000000077e700000)
Event: 6.621 GC heap after
Heap after GC invocations=5 (full 0):
 PSYoungGen      total 70656K, used 5112K [0x00000007d6100000, 0x00000007df500000, 0x0000000800000000)
  eden space 65536K, 0% used [0x00000007d6100000,0x00000007d6100000,0x00000007da100000)
  from space 5120K, 99% used [0x00000007da100000,0x00000007da5fe010,0x00000007da600000)
  to   space 10240K, 0% used [0x00000007deb00000,0x00000007deb00000,0x00000007df500000)
 ParOldGen       total 85504K, used 12034K [0x0000000782400000, 0x0000000787780000, 0x00000007d6100000)
  object space 85504K, 14% used [0x0000000782400000,0x0000000782fc0be8,0x0000000787780000)
 PSPermGen       total 21504K, used 16561K [0x000000077d200000, 0x000000077e700000, 0x0000000782400000)
  object space 21504K, 77% used [0x000000077d200000,0x000000077e22c758,0x000000077e700000)
}
Event: 8.286 GC heap before
{Heap before GC invocations=6 (full 0):
 PSYoungGen      total 70656K, used 70648K [0x00000007d6100000, 0x00000007df500000, 0x0000000800000000)
  eden space 65536K, 100% used [0x00000007d6100000,0x00000007da100000,0x00000007da100000)
  from space 5120K, 99% used [0x00000007da100000,0x00000007da5fe010,0x00000007da600000)
  to   space 10240K, 0% used [0x00000007deb00000,0x00000007deb00000,0x00000007df500000)
 ParOldGen       total 85504K, used 12034K [0x0000000782400000, 0x0000000787780000, 0x00000007d6100000)
  object space 85504K, 14% used [0x0000000782400000,0x0000000782fc0be8,0x0000000787780000)
 PSPermGen       total 23040K, used 22908K [0x000000077d200000, 0x000000077e880000, 0x0000000782400000)
  object space 23040K, 99% used [0x000000077d200000,0x000000077e85f020,0x000000077e880000)
Event: 8.313 GC heap after
Heap after GC invocations=6 (full 0):
 PSYoungGen      total 137216K, used 10229K [0x00000007d6100000, 0x00000007dfd00000, 0x0000000800000000)
  eden space 126976K, 0% used [0x00000007d6100000,0x00000007d6100000,0x00000007ddd00000)
  from space 10240K, 99% used [0x00000007deb00000,0x00000007df4fd710,0x00000007df500000)
  to   space 14336K, 0% used [0x00000007ddd00000,0x00000007ddd00000,0x00000007deb00000)
 ParOldGen       total 85504K, used 16795K [0x0000000782400000, 0x0000000787780000, 0x00000007d6100000)
  object space 85504K, 19% used [0x0000000782400000,0x0000000783466ca0,0x0000000787780000)
 PSPermGen       total 23040K, used 22908K [0x000000077d200000, 0x000000077e880000, 0x0000000782400000)
  object space 23040K, 99% used [0x000000077d200000,0x000000077e85f020,0x000000077e880000)
}
Event: 9.188 GC heap before
{Heap before GC invocations=7 (full 0):
 PSYoungGen      total 137216K, used 137205K [0x00000007d6100000, 0x00000007dfd00000, 0x0000000800000000)
  eden space 126976K, 100% used [0x00000007d6100000,0x00000007ddd00000,0x00000007ddd00000)
  from space 10240K, 99% used [0x00000007deb00000,0x00000007df4fd710,0x00000007df500000)
  to   space 14336K, 0% used [0x00000007ddd00000,0x00000007ddd00000,0x00000007deb00000)
 ParOldGen       total 85504K, used 16795K [0x0000000782400000, 0x0000000787780000, 0x00000007d6100000)
  object space 85504K, 19% used [0x0000000782400000,0x0000000783466ca0,0x0000000787780000)
 PSPermGen       total 23040K, used 22954K [0x000000077d200000, 0x000000077e880000, 0x0000000782400000)
  object space 23040K, 99% used [0x000000077d200000,0x000000077e86aa10,0x000000077e880000)
Event: 9.224 GC heap after
Heap after GC invocations=7 (full 0):
 PSYoungGen      total 141312K, used 14333K [0x00000007d6100000, 0x00000007e8700000, 0x0000000800000000)
  eden space 126976K, 0% used [0x00000007d6100000,0x00000007d6100000,0x00000007ddd00000)
  from space 14336K, 99% used [0x00000007ddd00000,0x00000007deaff568,0x00000007deb00000)
  to   space 23552K, 0% used [0x00000007e7000000,0x00000007e7000000,0x00000007e8700000)
 ParOldGen       total 85504K, used 31537K [0x0000000782400000, 0x0000000787780000, 0x00000007d6100000)
  object space 85504K, 36% used [0x0000000782400000,0x00000007842cc408,0x0000000787780000)
 PSPermGen       total 23040K, used 22954K [0x000000077d200000, 0x000000077e880000, 0x0000000782400000)
  object space 23040K, 99% used [0x000000077d200000,0x000000077e86aa10,0x000000077e880000)
}
Event: 9.854 GC heap before
{Heap before GC invocations=8 (full 0):
 PSYoungGen      total 141312K, used 141309K [0x00000007d6100000, 0x00000007e8700000, 0x0000000800000000)
  eden space 126976K, 100% used [0x00000007d6100000,0x00000007ddd00000,0x00000007ddd00000)
  from space 14336K, 99% used [0x00000007ddd00000,0x00000007deaff568,0x00000007deb00000)
  to   space 23552K, 0% used [0x00000007e7000000,0x00000007e7000000,0x00000007e8700000)
 ParOldGen       total 85504K, used 31537K [0x0000000782400000, 0x0000000787780000, 0x00000007d6100000)
  object space 85504K, 36% used [0x0000000782400000,0x00000007842cc408,0x0000000787780000)
 PSPermGen       total 23040K, used 22981K [0x000000077d200000, 0x000000077e880000, 0x0000000782400000)
  object space 23040K, 99% used [0x000000077d200000,0x000000077e8715f0,0x000000077e880000)
Event: 9.888 GC heap after
Heap after GC invocations=8 (full 0):
 PSYoungGen      total 270848K, used 23551K [0x00000007d6100000, 0x00000007e9400000, 0x0000000800000000)
  eden space 247296K, 0% used [0x00000007d6100000,0x00000007d6100000,0x00000007e5280000)
  from space 23552K, 99% used [0x00000007e7000000,0x00000007e86ffd70,0x00000007e8700000)
  to   space 30208K, 0% used [0x00000007e5280000,0x00000007e5280000,0x00000007e7000000)
 ParOldGen       total 85504K, used 37413K [0x0000000782400000, 0x0000000787780000, 0x00000007d6100000)
  object space 85504K, 43% used [0x0000000782400000,0x0000000784889610,0x0000000787780000)
 PSPermGen       total 23040K, used 22981K [0x000000077d200000, 0x000000077e880000, 0x0000000782400000)
  object space 23040K, 99% used [0x000000077d200000,0x000000077e8715f0,0x000000077e880000)
}
Event: 11.156 GC heap before
{Heap before GC invocations=9 (full 0):
 PSYoungGen      total 270848K, used 270847K [0x00000007d6100000, 0x00000007e9400000, 0x0000000800000000)
  eden space 247296K, 100% used [0x00000007d6100000,0x00000007e5280000,0x00000007e5280000)
  from space 23552K, 99% used [0x00000007e7000000,0x00000007e86ffd70,0x00000007e8700000)
  to   space 30208K, 0% used [0x00000007e5280000,0x00000007e5280000,0x00000007e7000000)
 ParOldGen       total 85504K, used 37413K [0x0000000782400000, 0x0000000787780000, 0x00000007d6100000)
  object space 85504K, 43% used [0x0000000782400000,0x0000000784889610,0x0000000787780000)
 PSPermGen       total 23040K, used 23000K [0x000000077d200000, 0x000000077e880000, 0x0000000782400000)
  object space 23040K, 99% used [0x000000077d200000,0x000000077e876060,0x000000077e880000)
Event: 11.214 GC heap after
Heap after GC invocations=9 (full 0):
 PSYoungGen      total 277504K, used 30192K [0x00000007d6100000, 0x00000007e9400000, 0x0000000800000000)
  eden space 247296K, 0% used [0x00000007d6100000,0x00000007d6100000,0x00000007e5280000)
  from space 30208K, 99% used [0x00000007e5280000,0x00000007e6ffc2c8,0x00000007e7000000)
  to   space 23552K, 0% used [0x00000007e7000000,0x00000007e7000000,0x00000007e8700000)
 ParOldGen       total 85504K, used 54794K [0x0000000782400000, 0x0000000787780000, 0x00000007d6100000)
  object space 85504K, 64% used [0x0000000782400000,0x00000007859828f0,0x0000000787780000)
 PSPermGen       total 23040K, used 23000K [0x000000077d200000, 0x000000077e880000, 0x0000000782400000)
  object space 23040K, 99% used [0x000000077d200000,0x000000077e876060,0x000000077e880000)
}

