# JRE version: Java(TM) SE Runtime Environment (8.0_181-b13) (build 1.8.0_181-b13)
# Java VM: Java HotSpot(TM) 64-Bit Server VM (25.181-b13 mixed mode windows-amd64 compressed oops)
Heap:
 PSYoungGen      total 300032K, used 262885K [0x000000076b700000, 0x0000000781600000, 0x00000007c0000000)
  eden space 267264K, 86% used [0x000000076b700000,0x00000007797bb080,0x000000077bc00000)
  from space 32768K, 99% used [0x000000077e280000,0x000000078027e5f8,0x0000000780280000)
  to   space 39424K, 0% used [0x000000077bc00000,0x000000077bc00000,0x000000077e280000)
 ParOldGen       total 121856K, used 43407K [0x00000006c2400000, 0x00000006c9b00000, 0x000000076b700000)
  object space 121856K, 35% used [0x00000006c2400000,0x00000006c4e63c58,0x00000006c9b00000)
 Metaspace       used 26916K, capacity 27626K, committed 27824K, reserved 1073152K
  class space    used 3192K, capacity 3395K, committed 3504K, reserved 1048576K
GC Heap History (10 events):
Event: 2.040 GC heap before
{Heap before GC invocations=5 (full 1):
 PSYoungGen      total 140800K, used 10744K [0x000000076b700000, 0x0000000774b00000, 0x00000007c0000000)
  eden space 130048K, 0% used [0x000000076b700000,0x000000076b700000,0x0000000773600000)
  from space 10752K, 99% used [0x0000000774080000,0x0000000774afe070,0x0000000774b00000)
  to   space 10752K, 0% used [0x0000000773600000,0x0000000773600000,0x0000000774080000)
 ParOldGen       total 173568K, used 6084K [0x00000006c2400000, 0x00000006ccd80000, 0x000000076b700000)
  object space 173568K, 3% used [0x00000006c2400000,0x00000006c29f10a0,0x00000006ccd80000)
 Metaspace       used 20724K, capacity 21188K, committed 21296K, reserved 1069056K
  class space    used 2456K, capacity 2590K, committed 2608K, reserved 1048576K
Event: 2.084 GC heap after
Heap after GC invocations=5 (full 1):
 PSYoungGen      total 140800K, used 0K [0x000000076b700000, 0x0000000774b00000, 0x00000007c0000000)
  eden space 130048K, 0% used [0x000000076b700000,0x000000076b700000,0x0000000773600000)
  from space 10752K, 0% used [0x0000000774080000,0x0000000774080000,0x0000000774b00000)
  to   space 10752K, 0% used [0x0000000773600000,0x0000000773600000,0x0000000774080000)
 ParOldGen       total 121856K, used 15289K [0x00000006c2400000, 0x00000006c9b00000, 0x000000076b700000)
  object space 121856K, 12% used [0x00000006c2400000,0x00000006c32ee6c0,0x00000006c9b00000)
 Metaspace       used 20724K, capacity 21188K, committed 21296K, reserved 1069056K
  class space    used 2456K, capacity 2590K, committed 2608K, reserved 1048576K
}
Event: 2.792 GC heap before
{Heap before GC invocations=6 (full 1):
 PSYoungGen      total 140800K, used 130048K [0x000000076b700000, 0x0000000774b00000, 0x00000007c0000000)
  eden space 130048K, 100% used [0x000000076b700000,0x0000000773600000,0x0000000773600000)
  from space 10752K, 0% used [0x0000000774080000,0x0000000774080000,0x0000000774b00000)
  to   space 10752K, 0% used [0x0000000773600000,0x0000000773600000,0x0000000774080000)
 ParOldGen       total 121856K, used 15289K [0x00000006c2400000, 0x00000006c9b00000, 0x000000076b700000)
  object space 121856K, 12% used [0x00000006c2400000,0x00000006c32ee6c0,0x00000006c9b00000)
 Metaspace       used 23850K, capacity 24432K, committed 24496K, reserved 1071104K
  class space    used 2791K, capacity 2965K, committed 2992K, reserved 1048576K
Event: 2.801 GC heap after
Heap after GC invocations=6 (full 1):
 PSYoungGen      total 140800K, used 10738K [0x000000076b700000, 0x0000000779000000, 0x00000007c0000000)
  eden space 130048K, 0% used [0x000000076b700000,0x000000076b700000,0x0000000773600000)
  from space 10752K, 99% used [0x0000000773600000,0x000000077407ca90,0x0000000774080000)
  to   space 18944K, 0% used [0x0000000777d80000,0x0000000777d80000,0x0000000779000000)
 ParOldGen       total 121856K, used 22914K [0x00000006c2400000, 0x00000006c9b00000, 0x000000076b700000)
  object space 121856K, 18% used [0x00000006c2400000,0x00000006c3a609f0,0x00000006c9b00000)
 Metaspace       used 23850K, capacity 24432K, committed 24496K, reserved 1071104K
  class space    used 2791K, capacity 2965K, committed 2992K, reserved 1048576K
}
Event: 3.101 GC heap before
{Heap before GC invocations=7 (full 1):
 PSYoungGen      total 140800K, used 140786K [0x000000076b700000, 0x0000000779000000, 0x00000007c0000000)
  eden space 130048K, 100% used [0x000000076b700000,0x0000000773600000,0x0000000773600000)
  from space 10752K, 99% used [0x0000000773600000,0x000000077407ca90,0x0000000774080000)
  to   space 18944K, 0% used [0x0000000777d80000,0x0000000777d80000,0x0000000779000000)
 ParOldGen       total 121856K, used 22914K [0x00000006c2400000, 0x00000006c9b00000, 0x000000076b700000)
  object space 121856K, 18% used [0x00000006c2400000,0x00000006c3a609f0,0x00000006c9b00000)
 Metaspace       used 23875K, capacity 24502K, committed 24752K, reserved 1071104K
  class space    used 2795K, capacity 2967K, committed 2992K, reserved 1048576K
Event: 3.113 GC heap after
Heap after GC invocations=7 (full 1):
 PSYoungGen      total 197632K, used 18917K [0x000000076b700000, 0x000000077a480000, 0x00000007c0000000)
  eden space 178688K, 0% used [0x000000076b700000,0x000000076b700000,0x0000000776580000)
  from space 18944K, 99% used [0x0000000777d80000,0x0000000778ff95f8,0x0000000779000000)
  to   space 24576K, 0% used [0x0000000776580000,0x0000000776580000,0x0000000777d80000)
 ParOldGen       total 121856K, used 28840K [0x00000006c2400000, 0x00000006c9b00000, 0x000000076b700000)
  object space 121856K, 23% used [0x00000006c2400000,0x00000006c402a2e0,0x00000006c9b00000)
 Metaspace       used 23875K, capacity 24502K, committed 24752K, reserved 1071104K
  class space    used 2795K, capacity 2967K, committed 2992K, reserved 1048576K
}
Event: 3.531 GC heap before
{Heap before GC invocations=8 (full 1):
 PSYoungGen      total 197632K, used 197605K [0x000000076b700000, 0x000000077a480000, 0x00000007c0000000)
  eden space 178688K, 100% used [0x000000076b700000,0x0000000776580000,0x0000000776580000)
  from space 18944K, 99% used [0x0000000777d80000,0x0000000778ff95f8,0x0000000779000000)
  to   space 24576K, 0% used [0x0000000776580000,0x0000000776580000,0x0000000777d80000)
 ParOldGen       total 121856K, used 28840K [0x00000006c2400000, 0x00000006c9b00000, 0x000000076b700000)
  object space 121856K, 23% used [0x00000006c2400000,0x00000006c402a2e0,0x00000006c9b00000)
 Metaspace       used 23878K, capacity 24566K, committed 24752K, reserved 1071104K
  class space    used 2795K, capacity 2967K, committed 2992K, reserved 1048576K
Event: 3.549 GC heap after
Heap after GC invocations=8 (full 1):
 PSYoungGen      total 203264K, used 24555K [0x000000076b700000, 0x0000000780280000, 0x00000007c0000000)
  eden space 178688K, 0% used [0x000000076b700000,0x000000076b700000,0x0000000776580000)
  from space 24576K, 99% used [0x0000000776580000,0x0000000777d7af68,0x0000000777d80000)
  to   space 32768K, 0% used [0x000000077e280000,0x000000077e280000,0x0000000780280000)
 ParOldGen       total 121856K, used 38412K [0x00000006c2400000, 0x00000006c9b00000, 0x000000076b700000)
  object space 121856K, 31% used [0x00000006c2400000,0x00000006c4983000,0x00000006c9b00000)
 Metaspace       used 23878K, capacity 24566K, committed 24752K, reserved 1071104K
  class space    used 2795K, capacity 2967K, committed 2992K, reserved 1048576K
}
Event: 3.972 GC heap before
{Heap before GC invocations=9 (full 1):
 PSYoungGen      total 203264K, used 203243K [0x000000076b700000, 0x0000000780280000, 0x00000007c0000000)
  eden space 178688K, 100% used [0x000000076b700000,0x0000000776580000,0x0000000776580000)
  from space 24576K, 99% used [0x0000000776580000,0x0000000777d7af68,0x0000000777d80000)
  to   space 32768K, 0% used [0x000000077e280000,0x000000077e280000,0x0000000780280000)
 ParOldGen       total 121856K, used 38412K [0x00000006c2400000, 0x00000006c9b00000, 0x000000076b700000)
  object space 121856K, 31% used [0x00000006c2400000,0x00000006c4983000,0x00000006c9b00000)
 Metaspace       used 23880K, capacity 24566K, committed 24752K, reserved 1071104K
  class space    used 2795K, capacity 2967K, committed 2992K, reserved 1048576K
Event: 3.989 GC heap after
Heap after GC invocations=9 (full 1):
 PSYoungGen      total 300032K, used 32761K [0x000000076b700000, 0x0000000781600000, 0x00000007c0000000)
  eden space 267264K, 0% used [0x000000076b700000,0x000000076b700000,0x000000077bc00000)
  from space 32768K, 99% used [0x000000077e280000,0x000000078027e5f8,0x0000000780280000)
  to   space 39424K, 0% used [0x000000077bc00000,0x000000077bc00000,0x000000077e280000)
 ParOldGen       total 121856K, used 43407K [0x00000006c2400000, 0x00000006c9b00000, 0x000000076b700000)
  object space 121856K, 35% used [0x00000006c2400000,0x00000006c4e63c58,0x00000006c9b00000)
 Metaspace       used 23880K, capacity 24566K, committed 24752K, reserved 1071104K
  class space    used 2795K, capacity 2967K, committed 2992K, reserved 1048576K
}

