# JRE version: Java(TM) SE Runtime Environment (8.0_181-b13) (build 1.8.0_181-b13)
# Java VM: Java HotSpot(TM) 64-Bit Server VM (25.181-b13 mixed mode windows-amd64 compressed oops)
Heap:
 PSYoungGen      total 327680K, used 207670K [0x000000076b700000, 0x0000000783780000, 0x00000007c0000000)
  eden space 292352K, 58% used [0x000000076b700000,0x0000000775f50210,0x000000077d480000)
  from space 35328K, 99% used [0x000000077fe80000,0x00000007820fd688,0x0000000782100000)
  to   space 43008K, 0% used [0x000000077d480000,0x000000077d480000,0x000000077fe80000)
 ParOldGen       total 117760K, used 47296K [0x00000006c2400000, 0x00000006c9700000, 0x000000076b700000)
  object space 117760K, 40% used [0x00000006c2400000,0x00000006c5230200,0x00000006c9700000)
 Metaspace       used 30357K, capacity 31030K, committed 31280K, reserved 1077248K
  class space    used 3595K, capacity 3781K, committed 3888K, reserved 1048576K
GC Heap History (10 events):
Event: 2.268 GC heap before
{Heap before GC invocations=5 (full 1):
 PSYoungGen      total 140800K, used 10744K [0x000000076b700000, 0x0000000774b00000, 0x00000007c0000000)
  eden space 130048K, 0% used [0x000000076b700000,0x000000076b700000,0x0000000773600000)
  from space 10752K, 99% used [0x0000000774080000,0x0000000774afe050,0x0000000774b00000)
  to   space 10752K, 0% used [0x0000000773600000,0x0000000773600000,0x0000000774080000)
 ParOldGen       total 173568K, used 5626K [0x00000006c2400000, 0x00000006ccd80000, 0x000000076b700000)
  object space 173568K, 3% used [0x00000006c2400000,0x00000006c297ea48,0x00000006ccd80000)
 Metaspace       used 20708K, capacity 21182K, committed 21296K, reserved 1069056K
  class space    used 2449K, capacity 2589K, committed 2608K, reserved 1048576K
Event: 2.309 GC heap after
Heap after GC invocations=5 (full 1):
 PSYoungGen      total 140800K, used 0K [0x000000076b700000, 0x0000000774b00000, 0x00000007c0000000)
  eden space 130048K, 0% used [0x000000076b700000,0x000000076b700000,0x0000000773600000)
  from space 10752K, 0% used [0x0000000774080000,0x0000000774080000,0x0000000774b00000)
  to   space 10752K, 0% used [0x0000000773600000,0x0000000773600000,0x0000000774080000)
 ParOldGen       total 117760K, used 14911K [0x00000006c2400000, 0x00000006c9700000, 0x000000076b700000)
  object space 117760K, 12% used [0x00000006c2400000,0x00000006c328fca0,0x00000006c9700000)
 Metaspace       used 20708K, capacity 21182K, committed 21296K, reserved 1069056K
  class space    used 2449K, capacity 2589K, committed 2608K, reserved 1048576K
}
Event: 2.982 GC heap before
{Heap before GC invocations=6 (full 1):
 PSYoungGen      total 140800K, used 130048K [0x000000076b700000, 0x0000000774b00000, 0x00000007c0000000)
  eden space 130048K, 100% used [0x000000076b700000,0x0000000773600000,0x0000000773600000)
  from space 10752K, 0% used [0x0000000774080000,0x0000000774080000,0x0000000774b00000)
  to   space 10752K, 0% used [0x0000000773600000,0x0000000773600000,0x0000000774080000)
 ParOldGen       total 117760K, used 14911K [0x00000006c2400000, 0x00000006c9700000, 0x000000076b700000)
  object space 117760K, 12% used [0x00000006c2400000,0x00000006c328fca0,0x00000006c9700000)
 Metaspace       used 23810K, capacity 24322K, committed 24496K, reserved 1071104K
  class space    used 2781K, capacity 2932K, committed 2992K, reserved 1048576K
Event: 2.994 GC heap after
Heap after GC invocations=6 (full 1):
 PSYoungGen      total 140800K, used 10750K [0x000000076b700000, 0x0000000779b00000, 0x00000007c0000000)
  eden space 130048K, 0% used [0x000000076b700000,0x000000076b700000,0x0000000773600000)
  from space 10752K, 99% used [0x0000000773600000,0x000000077407fb38,0x0000000774080000)
  to   space 19968K, 0% used [0x0000000778780000,0x0000000778780000,0x0000000779b00000)
 ParOldGen       total 117760K, used 24367K [0x00000006c2400000, 0x00000006c9700000, 0x000000076b700000)
  object space 117760K, 20% used [0x00000006c2400000,0x00000006c3bcbc78,0x00000006c9700000)
 Metaspace       used 23810K, capacity 24322K, committed 24496K, reserved 1071104K
  class space    used 2781K, capacity 2932K, committed 2992K, reserved 1048576K
}
Event: 3.372 GC heap before
{Heap before GC invocations=7 (full 1):
 PSYoungGen      total 140800K, used 140798K [0x000000076b700000, 0x0000000779b00000, 0x00000007c0000000)
  eden space 130048K, 100% used [0x000000076b700000,0x0000000773600000,0x0000000773600000)
  from space 10752K, 99% used [0x0000000773600000,0x000000077407fb38,0x0000000774080000)
  to   space 19968K, 0% used [0x0000000778780000,0x0000000778780000,0x0000000779b00000)
 ParOldGen       total 117760K, used 24367K [0x00000006c2400000, 0x00000006c9700000, 0x000000076b700000)
  object space 117760K, 20% used [0x00000006c2400000,0x00000006c3bcbc78,0x00000006c9700000)
 Metaspace       used 23819K, capacity 24386K, committed 24496K, reserved 1071104K
  class space    used 2782K, capacity 2932K, committed 2992K, reserved 1048576K
Event: 3.385 GC heap after
Heap after GC invocations=7 (full 1):
 PSYoungGen      total 207872K, used 19950K [0x000000076b700000, 0x000000077ad00000, 0x00000007c0000000)
  eden space 187904K, 0% used [0x000000076b700000,0x000000076b700000,0x0000000776e80000)
  from space 19968K, 99% used [0x0000000778780000,0x0000000779afb840,0x0000000779b00000)
  to   space 25600K, 0% used [0x0000000776e80000,0x0000000776e80000,0x0000000778780000)
 ParOldGen       total 117760K, used 29601K [0x00000006c2400000, 0x00000006c9700000, 0x000000076b700000)
  object space 117760K, 25% used [0x00000006c2400000,0x00000006c40e85b0,0x00000006c9700000)
 Metaspace       used 23819K, capacity 24386K, committed 24496K, reserved 1071104K
  class space    used 2782K, capacity 2932K, committed 2992K, reserved 1048576K
}
Event: 3.969 GC heap before
{Heap before GC invocations=8 (full 1):
 PSYoungGen      total 207872K, used 207854K [0x000000076b700000, 0x000000077ad00000, 0x00000007c0000000)
  eden space 187904K, 100% used [0x000000076b700000,0x0000000776e80000,0x0000000776e80000)
  from space 19968K, 99% used [0x0000000778780000,0x0000000779afb840,0x0000000779b00000)
  to   space 25600K, 0% used [0x0000000776e80000,0x0000000776e80000,0x0000000778780000)
 ParOldGen       total 117760K, used 29601K [0x00000006c2400000, 0x00000006c9700000, 0x000000076b700000)
  object space 117760K, 25% used [0x00000006c2400000,0x00000006c40e85b0,0x00000006c9700000)
 Metaspace       used 23838K, capacity 24396K, committed 24496K, reserved 1071104K
  class space    used 2784K, capacity 2934K, committed 2992K, reserved 1048576K
Event: 3.995 GC heap after
Heap after GC invocations=8 (full 1):
 PSYoungGen      total 213504K, used 25583K [0x000000076b700000, 0x0000000782100000, 0x00000007c0000000)
  eden space 187904K, 0% used [0x000000076b700000,0x000000076b700000,0x0000000776e80000)
  from space 25600K, 99% used [0x0000000776e80000,0x000000077877bd70,0x0000000778780000)
  to   space 35328K, 0% used [0x000000077fe80000,0x000000077fe80000,0x0000000782100000)
 ParOldGen       total 117760K, used 42158K [0x00000006c2400000, 0x00000006c9700000, 0x000000076b700000)
  object space 117760K, 35% used [0x00000006c2400000,0x00000006c4d2b8f8,0x00000006c9700000)
 Metaspace       used 23838K, capacity 24396K, committed 24496K, reserved 1071104K
  class space    used 2784K, capacity 2934K, committed 2992K, reserved 1048576K
}
Event: 4.443 GC heap before
{Heap before GC invocations=9 (full 1):
 PSYoungGen      total 213504K, used 213487K [0x000000076b700000, 0x0000000782100000, 0x00000007c0000000)
  eden space 187904K, 100% used [0x000000076b700000,0x0000000776e80000,0x0000000776e80000)
  from space 25600K, 99% used [0x0000000776e80000,0x000000077877bd70,0x0000000778780000)
  to   space 35328K, 0% used [0x000000077fe80000,0x000000077fe80000,0x0000000782100000)
 ParOldGen       total 117760K, used 42158K [0x00000006c2400000, 0x00000006c9700000, 0x000000076b700000)
  object space 117760K, 35% used [0x00000006c2400000,0x00000006c4d2b8f8,0x00000006c9700000)
 Metaspace       used 23854K, capacity 24428K, committed 24496K, reserved 1071104K
  class space    used 2787K, capacity 2966K, committed 2992K, reserved 1048576K
Event: 4.465 GC heap after
Heap after GC invocations=9 (full 1):
 PSYoungGen      total 327680K, used 35317K [0x000000076b700000, 0x0000000783780000, 0x00000007c0000000)
  eden space 292352K, 0% used [0x000000076b700000,0x000000076b700000,0x000000077d480000)
  from space 35328K, 99% used [0x000000077fe80000,0x00000007820fd688,0x0000000782100000)
  to   space 43008K, 0% used [0x000000077d480000,0x000000077d480000,0x000000077fe80000)
 ParOldGen       total 117760K, used 47296K [0x00000006c2400000, 0x00000006c9700000, 0x000000076b700000)
  object space 117760K, 40% used [0x00000006c2400000,0x00000006c5230200,0x00000006c9700000)
 Metaspace       used 23854K, capacity 24428K, committed 24496K, reserved 1071104K
  class space    used 2787K, capacity 2966K, committed 2992K, reserved 1048576K
}

