# JRE version: Java(TM) SE Runtime Environment (8.0_181-b13) (build 1.8.0_181-b13)
# Java VM: Java HotSpot(TM) 64-Bit Server VM (25.181-b13 mixed mode windows-amd64 compressed oops)
Heap:
 PSYoungGen      total 211968K, used 149421K [0x000000076b700000, 0x0000000781c00000, 0x00000007c0000000)
  eden space 186368K, 66% used [0x000000076b700000,0x0000000772fefa88,0x0000000776d00000)
  from space 25600K, 99% used [0x0000000776d00000,0x00000007785fbb50,0x0000000778600000)
  to   space 34816K, 80% used [0x000000077fa00000,0x00000007815654f8,0x0000000781c00000)
 ParOldGen       total 119296K, used 40045K [0x00000006c2400000, 0x00000006c9880000, 0x000000076b700000)
  object space 119296K, 33% used [0x00000006c2400000,0x00000006c4b1b708,0x00000006c9880000)
 Metaspace       used 23907K, capacity 24508K, committed 24752K, reserved 1071104K
  class space    used 2790K, capacity 2967K, committed 2992K, reserved 1048576K
GC Heap History (10 events):
Event: 2.036 GC heap after
Heap after GC invocations=4 (full 0):
 PSYoungGen      total 140800K, used 10744K [0x000000076b700000, 0x0000000774b00000, 0x00000007c0000000)
  eden space 130048K, 0% used [0x000000076b700000,0x000000076b700000,0x0000000773600000)
  from space 10752K, 99% used [0x0000000774080000,0x0000000774afe030,0x0000000774b00000)
  to   space 10752K, 0% used [0x0000000773600000,0x0000000773600000,0x0000000774080000)
 ParOldGen       total 173568K, used 5934K [0x00000006c2400000, 0x00000006ccd80000, 0x000000076b700000)
  object space 173568K, 3% used [0x00000006c2400000,0x00000006c29cbb78,0x00000006ccd80000)
 Metaspace       used 20768K, capacity 21264K, committed 21296K, reserved 1069056K
  class space    used 2452K, capacity 2592K, committed 2608K, reserved 1048576K
}
Event: 2.036 GC heap before
{Heap before GC invocations=5 (full 1):
 PSYoungGen      total 140800K, used 10744K [0x000000076b700000, 0x0000000774b00000, 0x00000007c0000000)
  eden space 130048K, 0% used [0x000000076b700000,0x000000076b700000,0x0000000773600000)
  from space 10752K, 99% used [0x0000000774080000,0x0000000774afe030,0x0000000774b00000)
  to   space 10752K, 0% used [0x0000000773600000,0x0000000773600000,0x0000000774080000)
 ParOldGen       total 173568K, used 5934K [0x00000006c2400000, 0x00000006ccd80000, 0x000000076b700000)
  object space 173568K, 3% used [0x00000006c2400000,0x00000006c29cbb78,0x00000006ccd80000)
 Metaspace       used 20768K, capacity 21264K, committed 21296K, reserved 1069056K
  class space    used 2452K, capacity 2592K, committed 2608K, reserved 1048576K
Event: 2.074 GC heap after
Heap after GC invocations=5 (full 1):
 PSYoungGen      total 140800K, used 0K [0x000000076b700000, 0x0000000774b00000, 0x00000007c0000000)
  eden space 130048K, 0% used [0x000000076b700000,0x000000076b700000,0x0000000773600000)
  from space 10752K, 0% used [0x0000000774080000,0x0000000774080000,0x0000000774b00000)
  to   space 10752K, 0% used [0x0000000773600000,0x0000000773600000,0x0000000774080000)
 ParOldGen       total 119296K, used 15030K [0x00000006c2400000, 0x00000006c9880000, 0x000000076b700000)
  object space 119296K, 12% used [0x00000006c2400000,0x00000006c32ada48,0x00000006c9880000)
 Metaspace       used 20768K, capacity 21264K, committed 21296K, reserved 1069056K
  class space    used 2452K, capacity 2592K, committed 2608K, reserved 1048576K
}
Event: 2.658 GC heap before
{Heap before GC invocations=6 (full 1):
 PSYoungGen      total 140800K, used 130048K [0x000000076b700000, 0x0000000774b00000, 0x00000007c0000000)
  eden space 130048K, 100% used [0x000000076b700000,0x0000000773600000,0x0000000773600000)
  from space 10752K, 0% used [0x0000000774080000,0x0000000774080000,0x0000000774b00000)
  to   space 10752K, 0% used [0x0000000773600000,0x0000000773600000,0x0000000774080000)
 ParOldGen       total 119296K, used 15030K [0x00000006c2400000, 0x00000006c9880000, 0x000000076b700000)
  object space 119296K, 12% used [0x00000006c2400000,0x00000006c32ada48,0x00000006c9880000)
 Metaspace       used 23874K, capacity 24412K, committed 24752K, reserved 1071104K
  class space    used 2785K, capacity 2935K, committed 2992K, reserved 1048576K
Event: 2.669 GC heap after
Heap after GC invocations=6 (full 1):
 PSYoungGen      total 140800K, used 10736K [0x000000076b700000, 0x0000000779a00000, 0x00000007c0000000)
  eden space 130048K, 0% used [0x000000076b700000,0x000000076b700000,0x0000000773600000)
  from space 10752K, 99% used [0x0000000773600000,0x000000077407c270,0x0000000774080000)
  to   space 20480K, 0% used [0x0000000778600000,0x0000000778600000,0x0000000779a00000)
 ParOldGen       total 119296K, used 24444K [0x00000006c2400000, 0x00000006c9880000, 0x000000076b700000)
  object space 119296K, 20% used [0x00000006c2400000,0x00000006c3bdf268,0x00000006c9880000)
 Metaspace       used 23874K, capacity 24412K, committed 24752K, reserved 1071104K
  class space    used 2785K, capacity 2935K, committed 2992K, reserved 1048576K
}
Event: 2.989 GC heap before
{Heap before GC invocations=7 (full 1):
 PSYoungGen      total 140800K, used 140784K [0x000000076b700000, 0x0000000779a00000, 0x00000007c0000000)
  eden space 130048K, 100% used [0x000000076b700000,0x0000000773600000,0x0000000773600000)
  from space 10752K, 99% used [0x0000000773600000,0x000000077407c270,0x0000000774080000)
  to   space 20480K, 0% used [0x0000000778600000,0x0000000778600000,0x0000000779a00000)
 ParOldGen       total 119296K, used 24444K [0x00000006c2400000, 0x00000006c9880000, 0x000000076b700000)
  object space 119296K, 20% used [0x00000006c2400000,0x00000006c3bdf268,0x00000006c9880000)
 Metaspace       used 23885K, capacity 24412K, committed 24752K, reserved 1071104K
  class space    used 2786K, capacity 2935K, committed 2992K, reserved 1048576K
Event: 3.002 GC heap after
Heap after GC invocations=7 (full 1):
 PSYoungGen      total 206848K, used 20453K [0x000000076b700000, 0x000000077ad80000, 0x00000007c0000000)
  eden space 186368K, 0% used [0x000000076b700000,0x000000076b700000,0x0000000776d00000)
  from space 20480K, 99% used [0x0000000778600000,0x00000007799f94a8,0x0000000779a00000)
  to   space 25600K, 0% used [0x0000000776d00000,0x0000000776d00000,0x0000000778600000)
 ParOldGen       total 119296K, used 29143K [0x00000006c2400000, 0x00000006c9880000, 0x000000076b700000)
  object space 119296K, 24% used [0x00000006c2400000,0x00000006c4075e70,0x00000006c9880000)
 Metaspace       used 23885K, capacity 24412K, committed 24752K, reserved 1071104K
  class space    used 2786K, capacity 2935K, committed 2992K, reserved 1048576K
}
Event: 3.496 GC heap before
{Heap before GC invocations=8 (full 1):
 PSYoungGen      total 206848K, used 206821K [0x000000076b700000, 0x000000077ad80000, 0x00000007c0000000)
  eden space 186368K, 100% used [0x000000076b700000,0x0000000776d00000,0x0000000776d00000)
  from space 20480K, 99% used [0x0000000778600000,0x00000007799f94a8,0x0000000779a00000)
  to   space 25600K, 0% used [0x0000000776d00000,0x0000000776d00000,0x0000000778600000)
 ParOldGen       total 119296K, used 29143K [0x00000006c2400000, 0x00000006c9880000, 0x000000076b700000)
  object space 119296K, 24% used [0x00000006c2400000,0x00000006c4075e70,0x00000006c9880000)
 Metaspace       used 23893K, capacity 24508K, committed 24752K, reserved 1071104K
  class space    used 2787K, capacity 2967K, committed 2992K, reserved 1048576K
Event: 3.515 GC heap after
Heap after GC invocations=8 (full 1):
 PSYoungGen      total 211968K, used 25582K [0x000000076b700000, 0x0000000781c00000, 0x00000007c0000000)
  eden space 186368K, 0% used [0x000000076b700000,0x000000076b700000,0x0000000776d00000)
  from space 25600K, 99% used [0x0000000776d00000,0x00000007785fbb50,0x0000000778600000)
  to   space 34816K, 0% used [0x000000077fa00000,0x000000077fa00000,0x0000000781c00000)
 ParOldGen       total 119296K, used 40037K [0x00000006c2400000, 0x00000006c9880000, 0x000000076b700000)
  object space 119296K, 33% used [0x00000006c2400000,0x00000006c4b19708,0x00000006c9880000)
 Metaspace       used 23893K, capacity 24508K, committed 24752K, reserved 1071104K
  class space    used 2787K, capacity 2967K, committed 2992K, reserved 1048576K
}
Event: 3.810 GC heap before
{Heap before GC invocations=9 (full 1):
 PSYoungGen      total 211968K, used 149421K [0x000000076b700000, 0x0000000781c00000, 0x00000007c0000000)
  eden space 186368K, 66% used [0x000000076b700000,0x0000000772fefa88,0x0000000776d00000)
  from space 25600K, 99% used [0x0000000776d00000,0x00000007785fbb50,0x0000000778600000)
  to   space 34816K, 0% used [0x000000077fa00000,0x000000077fa00000,0x0000000781c00000)
 ParOldGen       total 119296K, used 40037K [0x00000006c2400000, 0x00000006c9880000, 0x000000076b700000)
  object space 119296K, 33% used [0x00000006c2400000,0x00000006c4b19708,0x00000006c9880000)
 Metaspace       used 23907K, capacity 24508K, committed 24752K, reserved 1071104K
  class space    used 2790K, capacity 2967K, committed 2992K, reserved 1048576K

