# JRE version: Java(TM) SE Runtime Environment (8.0_181-b13) (build 1.8.0_181-b13)
# Java VM: Java HotSpot(TM) 64-Bit Server VM (25.181-b13 mixed mode windows-amd64 compressed oops)
Heap:
 PSYoungGen      total 317440K, used 20319K [0x000000076b700000, 0x0000000782e80000, 0x00000007c0000000)
  eden space 281088K, 7% used [0x000000076b700000,0x000000076cad7d10,0x000000077c980000)
  from space 36352K, 0% used [0x000000077f580000,0x000000077f580000,0x0000000781900000)
  to   space 45056K, 0% used [0x000000077c980000,0x000000077c980000,0x000000077f580000)
 ParOldGen       total 120832K, used 52423K [0x00000006c2400000, 0x00000006c9a00000, 0x000000076b700000)
  object space 120832K, 43% used [0x00000006c2400000,0x00000006c5731c88,0x00000006c9a00000)
 Metaspace       used 35493K, capacity 36186K, committed 36648K, reserved 1081344K
  class space    used 4301K, capacity 4491K, committed 4528K, reserved 1048576K
GC Heap History (10 events):
Event: 3.504 GC heap before
{Heap before GC invocations=8 (full 1):
 PSYoungGen      total 202240K, used 202212K [0x000000076b700000, 0x000000077af80000, 0x00000007c0000000)
  eden space 181760K, 100% used [0x000000076b700000,0x0000000776880000,0x0000000776880000)
  from space 20480K, 99% used [0x0000000778300000,0x00000007796f92e8,0x0000000779700000)
  to   space 27136K, 0% used [0x0000000776880000,0x0000000776880000,0x0000000778300000)
 ParOldGen       total 120832K, used 31344K [0x00000006c2400000, 0x00000006c9a00000, 0x000000076b700000)
  object space 120832K, 25% used [0x00000006c2400000,0x00000006c429c3b0,0x00000006c9a00000)
 Metaspace       used 24738K, capacity 25282K, committed 25648K, reserved 1071104K
  class space    used 2883K, capacity 3032K, committed 3120K, reserved 1048576K
Event: 3.525 GC heap after
Heap after GC invocations=8 (full 1):
 PSYoungGen      total 208896K, used 27117K [0x000000076b700000, 0x0000000781900000, 0x00000007c0000000)
  eden space 181760K, 0% used [0x000000076b700000,0x000000076b700000,0x0000000776880000)
  from space 27136K, 99% used [0x0000000776880000,0x00000007782fb688,0x0000000778300000)
  to   space 36352K, 0% used [0x000000077f580000,0x000000077f580000,0x0000000781900000)
 ParOldGen       total 120832K, used 42168K [0x00000006c2400000, 0x00000006c9a00000, 0x000000076b700000)
  object space 120832K, 34% used [0x00000006c2400000,0x00000006c4d2e230,0x00000006c9a00000)
 Metaspace       used 24738K, capacity 25282K, committed 25648K, reserved 1071104K
  class space    used 2883K, capacity 3032K, committed 3120K, reserved 1048576K
}
Event: 3.995 GC heap before
{Heap before GC invocations=9 (full 1):
 PSYoungGen      total 208896K, used 208877K [0x000000076b700000, 0x0000000781900000, 0x00000007c0000000)
  eden space 181760K, 100% used [0x000000076b700000,0x0000000776880000,0x0000000776880000)
  from space 27136K, 99% used [0x0000000776880000,0x00000007782fb688,0x0000000778300000)
  to   space 36352K, 0% used [0x000000077f580000,0x000000077f580000,0x0000000781900000)
 ParOldGen       total 120832K, used 42168K [0x00000006c2400000, 0x00000006c9a00000, 0x000000076b700000)
  object space 120832K, 34% used [0x00000006c2400000,0x00000006c4d2e230,0x00000006c9a00000)
 Metaspace       used 24741K, capacity 25282K, committed 25648K, reserved 1071104K
  class space    used 2883K, capacity 3032K, committed 3120K, reserved 1048576K
Event: 4.015 GC heap after
Heap after GC invocations=9 (full 1):
 PSYoungGen      total 317440K, used 36347K [0x000000076b700000, 0x0000000782e80000, 0x00000007c0000000)
  eden space 281088K, 0% used [0x000000076b700000,0x000000076b700000,0x000000077c980000)
  from space 36352K, 99% used [0x000000077f580000,0x00000007818fef60,0x0000000781900000)
  to   space 45056K, 0% used [0x000000077c980000,0x000000077c980000,0x000000077f580000)
 ParOldGen       total 120832K, used 48870K [0x00000006c2400000, 0x00000006c9a00000, 0x000000076b700000)
  object space 120832K, 40% used [0x00000006c2400000,0x00000006c53b9848,0x00000006c9a00000)
 Metaspace       used 24741K, capacity 25282K, committed 25648K, reserved 1071104K
  class space    used 2883K, capacity 3032K, committed 3120K, reserved 1048576K
}
Event: 4.580 GC heap before
{Heap before GC invocations=10 (full 1):
 PSYoungGen      total 317440K, used 317435K [0x000000076b700000, 0x0000000782e80000, 0x00000007c0000000)
  eden space 281088K, 100% used [0x000000076b700000,0x000000077c980000,0x000000077c980000)
  from space 36352K, 99% used [0x000000077f580000,0x00000007818fef60,0x0000000781900000)
  to   space 45056K, 0% used [0x000000077c980000,0x000000077c980000,0x000000077f580000)
 ParOldGen       total 120832K, used 48870K [0x00000006c2400000, 0x00000006c9a00000, 0x000000076b700000)
  object space 120832K, 40% used [0x00000006c2400000,0x00000006c53b9848,0x00000006c9a00000)
 Metaspace       used 24765K, capacity 25416K, committed 25648K, reserved 1071104K
  class space    used 2886K, capacity 3034K, committed 3120K, reserved 1048576K
Event: 4.606 GC heap after
Heap after GC invocations=10 (full 1):
 PSYoungGen      total 326144K, used 45040K [0x000000076b700000, 0x0000000782e80000, 0x00000007c0000000)
  eden space 281088K, 0% used [0x000000076b700000,0x000000076b700000,0x000000077c980000)
  from space 45056K, 99% used [0x000000077c980000,0x000000077f57c130,0x000000077f580000)
  to   space 36352K, 0% used [0x000000077f580000,0x000000077f580000,0x0000000781900000)
 ParOldGen       total 120832K, used 61278K [0x00000006c2400000, 0x00000006c9a00000, 0x000000076b700000)
  object space 120832K, 50% used [0x00000006c2400000,0x00000006c5fd7800,0x00000006c9a00000)
 Metaspace       used 24765K, capacity 25416K, committed 25648K, reserved 1071104K
  class space    used 2886K, capacity 3034K, committed 3120K, reserved 1048576K
}
Event: 29.983 GC heap before
{Heap before GC invocations=11 (full 1):
 PSYoungGen      total 326144K, used 301250K [0x000000076b700000, 0x0000000782e80000, 0x00000007c0000000)
  eden space 281088K, 91% used [0x000000076b700000,0x000000077b1346e0,0x000000077c980000)
  from space 45056K, 99% used [0x000000077c980000,0x000000077f57c130,0x000000077f580000)
  to   space 36352K, 0% used [0x000000077f580000,0x000000077f580000,0x0000000781900000)
 ParOldGen       total 120832K, used 61278K [0x00000006c2400000, 0x00000006c9a00000, 0x000000076b700000)
  object space 120832K, 50% used [0x00000006c2400000,0x00000006c5fd7800,0x00000006c9a00000)
 Metaspace       used 34551K, capacity 35258K, committed 35496K, reserved 1081344K
  class space    used 4197K, capacity 4395K, committed 4400K, reserved 1048576K
Event: 29.995 GC heap after
Heap after GC invocations=11 (full 1):
 PSYoungGen      total 317440K, used 32679K [0x000000076b700000, 0x0000000782e80000, 0x00000007c0000000)
  eden space 281088K, 0% used [0x000000076b700000,0x000000076b700000,0x000000077c980000)
  from space 36352K, 89% used [0x000000077f580000,0x0000000781569c60,0x0000000781900000)
  to   space 45056K, 0% used [0x000000077c980000,0x000000077c980000,0x000000077f580000)
 ParOldGen       total 120832K, used 63083K [0x00000006c2400000, 0x00000006c9a00000, 0x000000076b700000)
  object space 120832K, 52% used [0x00000006c2400000,0x00000006c619ae30,0x00000006c9a00000)
 Metaspace       used 34551K, capacity 35258K, committed 35496K, reserved 1081344K
  class space    used 4197K, capacity 4395K, committed 4400K, reserved 1048576K
}
Event: 29.995 GC heap before
{Heap before GC invocations=12 (full 2):
 PSYoungGen      total 317440K, used 32679K [0x000000076b700000, 0x0000000782e80000, 0x00000007c0000000)
  eden space 281088K, 0% used [0x000000076b700000,0x000000076b700000,0x000000077c980000)
  from space 36352K, 89% used [0x000000077f580000,0x0000000781569c60,0x0000000781900000)
  to   space 45056K, 0% used [0x000000077c980000,0x000000077c980000,0x000000077f580000)
 ParOldGen       total 120832K, used 63083K [0x00000006c2400000, 0x00000006c9a00000, 0x000000076b700000)
  object space 120832K, 52% used [0x00000006c2400000,0x00000006c619ae30,0x00000006c9a00000)
 Metaspace       used 34551K, capacity 35258K, committed 35496K, reserved 1081344K
  class space    used 4197K, capacity 4395K, committed 4400K, reserved 1048576K
Event: 30.036 GC heap after
Heap after GC invocations=12 (full 2):
 PSYoungGen      total 317440K, used 0K [0x000000076b700000, 0x0000000782e80000, 0x00000007c0000000)
  eden space 281088K, 0% used [0x000000076b700000,0x000000076b700000,0x000000077c980000)
  from space 36352K, 0% used [0x000000077f580000,0x000000077f580000,0x0000000781900000)
  to   space 45056K, 0% used [0x000000077c980000,0x000000077c980000,0x000000077f580000)
 ParOldGen       total 120832K, used 52423K [0x00000006c2400000, 0x00000006c9a00000, 0x000000076b700000)
  object space 120832K, 43% used [0x00000006c2400000,0x00000006c5731c88,0x00000006c9a00000)
 Metaspace       used 34551K, capacity 35258K, committed 35496K, reserved 1081344K
  class space    used 4197K, capacity 4395K, committed 4400K, reserved 1048576K
}

